<?xml version="1.0" encoding="UTF-8"?>
<coverage generated="1673088968708" clover="3.2.0">
  <project timestamp="1673088968708" name="All files">
    <metrics statements="99" coveredstatements="99" conditionals="33" coveredconditionals="32" methods="27" coveredmethods="26" elements="159" coveredelements="157" complexity="0" loc="99" ncloc="99" packages="2" files="2" classes="2"/>
    <package name="src">
      <metrics statements="96" coveredstatements="96" conditionals="33" coveredconditionals="32" methods="26" coveredmethods="25"/>
      <file name="bRando.ts" path="/home/yak/brandojs/src/bRando.ts">
        <metrics statements="96" coveredstatements="96" conditionals="33" coveredconditionals="32" methods="26" coveredmethods="25"/>
        <line num="1" count="2" type="stmt"/>
        <line num="42" count="2" type="stmt"/>
        <line num="43" count="67" type="stmt"/>
        <line num="48" count="404" type="stmt"/>
        <line num="56" count="344" type="stmt"/>
        <line num="59" count="67" type="stmt"/>
        <line num="64" count="370" type="stmt"/>
        <line num="71" count="70" type="cond" truecount="2" falsecount="0"/>
        <line num="74" count="6" type="stmt"/>
        <line num="77" count="4" type="stmt"/>
        <line num="79" count="66" type="stmt"/>
        <line num="81" count="66" type="cond" truecount="1" falsecount="1"/>
        <line num="85" count="66" type="stmt"/>
        <line num="96" count="67" type="stmt"/>
        <line num="101" count="173" type="stmt"/>
        <line num="108" count="69" type="cond" truecount="4" falsecount="0"/>
        <line num="109" count="1" type="stmt"/>
        <line num="111" count="68" type="stmt"/>
        <line num="113" count="69" type="cond" truecount="1" falsecount="0"/>
        <line num="114" count="2" type="stmt"/>
        <line num="115" count="2" type="stmt"/>
        <line num="119" count="67" type="stmt"/>
        <line num="124" count="107" type="stmt"/>
        <line num="131" count="70" type="cond" truecount="2" falsecount="0"/>
        <line num="134" count="67" type="stmt"/>
        <line num="139" count="189" type="stmt"/>
        <line num="146" count="69" type="cond" truecount="2" falsecount="0"/>
        <line num="149" count="67" type="stmt"/>
        <line num="150" count="67" type="stmt"/>
        <line num="151" count="67" type="stmt"/>
        <line num="152" count="67" type="stmt"/>
        <line num="154" count="67" type="stmt"/>
        <line num="160" count="67" type="stmt"/>
        <line num="166" count="399" type="stmt"/>
        <line num="176" count="67" type="cond" truecount="2" falsecount="0"/>
        <line num="177" count="67" type="cond" truecount="2" falsecount="0"/>
        <line num="178" count="67" type="stmt"/>
        <line num="179" count="67" type="stmt"/>
        <line num="180" count="67" type="stmt"/>
        <line num="181" count="67" type="stmt"/>
        <line num="182" count="67" type="stmt"/>
        <line num="183" count="67" type="stmt"/>
        <line num="184" count="71" type="stmt"/>
        <line num="185" count="71" type="stmt"/>
        <line num="186" count="71" type="stmt"/>
        <line num="187" count="71" type="stmt"/>
        <line num="189" count="67" type="stmt"/>
        <line num="190" count="67" type="stmt"/>
        <line num="191" count="67" type="stmt"/>
        <line num="192" count="67" type="stmt"/>
        <line num="193" count="67" type="stmt"/>
        <line num="194" count="67" type="stmt"/>
        <line num="195" count="67" type="stmt"/>
        <line num="196" count="67" type="stmt"/>
        <line num="197" count="71" type="stmt"/>
        <line num="198" count="71" type="stmt"/>
        <line num="199" count="71" type="stmt"/>
        <line num="200" count="71" type="stmt"/>
        <line num="203" count="67" type="stmt"/>
        <line num="214" count="168" type="cond" truecount="1" falsecount="0"/>
        <line num="215" count="1" type="stmt"/>
        <line num="217" count="167" type="stmt"/>
        <line num="218" count="167" type="stmt"/>
        <line num="219" count="1" type="stmt"/>
        <line num="230" count="240" type="stmt"/>
        <line num="231" count="240" type="stmt"/>
        <line num="241" count="108" type="cond" truecount="1" falsecount="0"/>
        <line num="242" count="1" type="stmt"/>
        <line num="244" count="107" type="stmt"/>
        <line num="246" count="96" type="stmt"/>
        <line num="247" count="134" type="stmt"/>
        <line num="249" count="96" type="stmt"/>
        <line num="252" count="107" type="cond" truecount="1" falsecount="0"/>
        <line num="253" count="95" type="stmt"/>
        <line num="255" count="107" type="cond" truecount="2" falsecount="0"/>
        <line num="256" count="103" type="cond" truecount="4" falsecount="0"/>
        <line num="257" count="4" type="cond" truecount="1" falsecount="0"/>
        <line num="258" count="2" type="stmt"/>
        <line num="261" count="107" type="stmt"/>
        <line num="262" count="107" type="stmt"/>
        <line num="263" count="107" type="cond" truecount="2" falsecount="0"/>
        <line num="264" count="56" type="stmt"/>
        <line num="265" count="56" type="stmt"/>
        <line num="267" count="51" type="stmt"/>
        <line num="268" count="51" type="stmt"/>
        <line num="271" count="107" type="stmt"/>
        <line num="283" count="65" type="stmt"/>
        <line num="284" count="65" type="stmt"/>
        <line num="286" count="69" type="stmt"/>
        <line num="287" count="69" type="stmt"/>
        <line num="288" count="69" type="stmt"/>
        <line num="289" count="69" type="stmt"/>
        <line num="290" count="69" type="stmt"/>
        <line num="292" count="65" type="stmt"/>
        <line num="304" count="3" type="cond" truecount="2" falsecount="0"/>
        <line num="316" count="279" type="stmt"/>
      </file>
    </package>
    <package name="src.browser">
      <metrics statements="3" coveredstatements="3" conditionals="0" coveredconditionals="0" methods="1" coveredmethods="1"/>
      <file name="index.ts" path="/home/yak/brandojs/src/browser/index.ts">
        <metrics statements="3" coveredstatements="3" conditionals="0" coveredconditionals="0" methods="1" coveredmethods="1"/>
        <line num="1" count="1" type="stmt"/>
        <line num="15" count="1" type="stmt"/>
        <line num="16" count="4" type="stmt"/>
      </file>
    </package>
  </project>
</coverage>
