{"/home/yak/brandojs/src/bRando.ts": {"path":"/home/yak/brandojs/src/bRando.ts","statementMap":{"0":{"start":{"line":47,"column":2},"end":{"line":47,"column":27}},"1":{"start":{"line":55,"column":2},"end":{"line":55,"column":21}},"2":{"start":{"line":63,"column":2},"end":{"line":63,"column":27}},"3":{"start":{"line":70,"column":2},"end":{"line":79,"column":null}},"4":{"start":{"line":73,"column":4},"end":{"line":73,"column":33}},"5":{"start":{"line":76,"column":3},"end":{"line":76,"column":29}},"6":{"start":{"line":78,"column":3},"end":{"line":78,"column":45}},"7":{"start":{"line":87,"column":2},"end":{"line":87,"column":23}},"8":{"start":{"line":94,"column":2},"end":{"line":98,"column":null}},"9":{"start":{"line":95,"column":3},"end":{"line":95,"column":25}},"10":{"start":{"line":97,"column":3},"end":{"line":97,"column":24}},"11":{"start":{"line":99,"column":2},"end":{"line":102,"column":null}},"12":{"start":{"line":100,"column":3},"end":{"line":100,"column":16}},"13":{"start":{"line":101,"column":3},"end":{"line":101,"column":15}},"14":{"start":{"line":110,"column":2},"end":{"line":110,"column":22}},"15":{"start":{"line":117,"column":2},"end":{"line":117,"column":59}},"16":{"start":{"line":125,"column":2},"end":{"line":125,"column":26}},"17":{"start":{"line":132,"column":2},"end":{"line":132,"column":66}},"18":{"start":{"line":152,"column":2},"end":{"line":152,"column":38}},"19":{"start":{"line":42,"column":20},"end":{"line":42,"column":46}},"20":{"start":{"line":58,"column":11},"end":{"line":58,"column":39}},"21":{"start":{"line":82,"column":11},"end":{"line":82,"column":32}},"22":{"start":{"line":105,"column":11},"end":{"line":105,"column":35}},"23":{"start":{"line":120,"column":11},"end":{"line":120,"column":36}},"24":{"start":{"line":135,"column":20},"end":{"line":135,"column":59}},"25":{"start":{"line":136,"column":20},"end":{"line":136,"column":57}},"26":{"start":{"line":137,"column":20},"end":{"line":137,"column":56}},"27":{"start":{"line":138,"column":11},"end":{"line":138,"column":33}},"28":{"start":{"line":140,"column":11},"end":{"line":140,"column":43}},"29":{"start":{"line":146,"column":11},"end":{"line":146,"column":48}},"30":{"start":{"line":158,"column":20},"end":{"line":167,"column":3}},"31":{"start":{"line":176,"column":2},"end":{"line":176,"column":43}},"32":{"start":{"line":177,"column":2},"end":{"line":177,"column":93}},"33":{"start":{"line":178,"column":2},"end":{"line":178,"column":60}},"34":{"start":{"line":179,"column":2},"end":{"line":179,"column":41}},"35":{"start":{"line":180,"column":2},"end":{"line":180,"column":33}},"36":{"start":{"line":181,"column":2},"end":{"line":181,"column":31}},"37":{"start":{"line":182,"column":2},"end":{"line":182,"column":39}},"38":{"start":{"line":183,"column":2},"end":{"line":188,"column":5}},"39":{"start":{"line":184,"column":3},"end":{"line":184,"column":74}},"40":{"start":{"line":185,"column":3},"end":{"line":185,"column":70}},"41":{"start":{"line":186,"column":3},"end":{"line":186,"column":67}},"42":{"start":{"line":187,"column":4},"end":{"line":187,"column":50}},"43":{"start":{"line":189,"column":2},"end":{"line":189,"column":55}},"44":{"start":{"line":190,"column":2},"end":{"line":190,"column":90}},"45":{"start":{"line":191,"column":2},"end":{"line":191,"column":92}},"46":{"start":{"line":192,"column":2},"end":{"line":192,"column":98}},"47":{"start":{"line":193,"column":2},"end":{"line":193,"column":92}},"48":{"start":{"line":194,"column":2},"end":{"line":194,"column":296}},"49":{"start":{"line":195,"column":2},"end":{"line":195,"column":43}},"50":{"start":{"line":196,"column":2},"end":{"line":201,"column":5}},"51":{"start":{"line":197,"column":4},"end":{"line":197,"column":70}},"52":{"start":{"line":198,"column":4},"end":{"line":198,"column":98}},"53":{"start":{"line":199,"column":4},"end":{"line":199,"column":71}},"54":{"start":{"line":200,"column":4},"end":{"line":200,"column":41}},"55":{"start":{"line":203,"column":2},"end":{"line":203,"column":14}},"56":{"start":{"line":215,"column":2},"end":{"line":217,"column":null}},"57":{"start":{"line":216,"column":3},"end":{"line":216,"column":10}},"58":{"start":{"line":218,"column":2},"end":{"line":218,"column":15}},"59":{"start":{"line":219,"column":2},"end":{"line":221,"column":19}},"60":{"start":{"line":220,"column":3},"end":{"line":220,"column":15}},"61":{"start":{"line":231,"column":2},"end":{"line":231,"column":38}},"62":{"start":{"line":232,"column":2},"end":{"line":232,"column":21}},"63":{"start":{"line":242,"column":2},"end":{"line":244,"column":null}},"64":{"start":{"line":243,"column":3},"end":{"line":243,"column":10}},"65":{"start":{"line":245,"column":38},"end":{"line":251,"column":3}},"66":{"start":{"line":247,"column":3},"end":{"line":249,"column":54}},"67":{"start":{"line":248,"column":4},"end":{"line":248,"column":67}},"68":{"start":{"line":250,"column":3},"end":{"line":250,"column":19}},"69":{"start":{"line":253,"column":2},"end":{"line":255,"column":null}},"70":{"start":{"line":254,"column":3},"end":{"line":254,"column":15}},"71":{"start":{"line":256,"column":2},"end":{"line":260,"column":null}},"72":{"start":{"line":257,"column":3},"end":{"line":257,"column":211}},"73":{"start":{"line":258,"column":9},"end":{"line":260,"column":null}},"74":{"start":{"line":259,"column":3},"end":{"line":259,"column":36}},"75":{"start":{"line":262,"column":2},"end":{"line":271,"column":5}},"76":{"start":{"line":263,"column":4},"end":{"line":263,"column":98}},"77":{"start":{"line":264,"column":3},"end":{"line":270,"column":null}},"78":{"start":{"line":265,"column":5},"end":{"line":265,"column":116}},"79":{"start":{"line":266,"column":5},"end":{"line":266,"column":71}},"80":{"start":{"line":268,"column":5},"end":{"line":268,"column":88}},"81":{"start":{"line":269,"column":5},"end":{"line":269,"column":71}},"82":{"start":{"line":272,"column":2},"end":{"line":272,"column":45}},"83":{"start":{"line":284,"column":2},"end":{"line":284,"column":15}},"84":{"start":{"line":285,"column":2},"end":{"line":292,"column":5}},"85":{"start":{"line":287,"column":4},"end":{"line":287,"column":70}},"86":{"start":{"line":288,"column":4},"end":{"line":288,"column":73}},"87":{"start":{"line":289,"column":4},"end":{"line":289,"column":73}},"88":{"start":{"line":290,"column":4},"end":{"line":290,"column":69}},"89":{"start":{"line":291,"column":4},"end":{"line":291,"column":66}},"90":{"start":{"line":293,"column":2},"end":{"line":293,"column":30}},"91":{"start":{"line":305,"column":2},"end":{"line":305,"column":45}},"92":{"start":{"line":317,"column":2},"end":{"line":317,"column":41}},"93":{"start":{"line":41,"column":0},"end":{"line":41,"column":13}}},"fnMap":{"0":{"name":"(anonymous_0)","decl":{"start":{"line":46,"column":1},"end":{"line":46,"column":12}},"loc":{"start":{"line":46,"column":23},"end":{"line":48,"column":2}}},"1":{"name":"(anonymous_1)","decl":{"start":{"line":54,"column":1},"end":{"line":54,"column":12}},"loc":{"start":{"line":54,"column":17},"end":{"line":56,"column":2}}},"2":{"name":"(anonymous_2)","decl":{"start":{"line":62,"column":1},"end":{"line":62,"column":12}},"loc":{"start":{"line":62,"column":23},"end":{"line":64,"column":2}}},"3":{"name":"(anonymous_3)","decl":{"start":{"line":69,"column":1},"end":{"line":69,"column":12}},"loc":{"start":{"line":69,"column":51},"end":{"line":80,"column":2}}},"4":{"name":"(anonymous_4)","decl":{"start":{"line":72,"column":15},"end":{"line":72,"column":16}},"loc":{"start":{"line":72,"column":21},"end":{"line":74,"column":4}}},"5":{"name":"(anonymous_5)","decl":{"start":{"line":86,"column":1},"end":{"line":86,"column":12}},"loc":{"start":{"line":86,"column":19},"end":{"line":88,"column":2}}},"6":{"name":"(anonymous_6)","decl":{"start":{"line":93,"column":1},"end":{"line":93,"column":12}},"loc":{"start":{"line":93,"column":45},"end":{"line":103,"column":2}}},"7":{"name":"(anonymous_7)","decl":{"start":{"line":109,"column":1},"end":{"line":109,"column":12}},"loc":{"start":{"line":109,"column":18},"end":{"line":111,"column":2}}},"8":{"name":"(anonymous_8)","decl":{"start":{"line":116,"column":1},"end":{"line":116,"column":12}},"loc":{"start":{"line":116,"column":45},"end":{"line":118,"column":2}}},"9":{"name":"(anonymous_9)","decl":{"start":{"line":124,"column":1},"end":{"line":124,"column":12}},"loc":{"start":{"line":124,"column":22},"end":{"line":126,"column":2}}},"10":{"name":"(anonymous_10)","decl":{"start":{"line":131,"column":1},"end":{"line":131,"column":12}},"loc":{"start":{"line":131,"column":48},"end":{"line":133,"column":2}}},"11":{"name":"(anonymous_11)","decl":{"start":{"line":151,"column":1},"end":{"line":151,"column":12}},"loc":{"start":{"line":151,"column":34},"end":{"line":153,"column":2}}},"12":{"name":"(anonymous_12)","decl":{"start":{"line":175,"column":1},"end":{"line":175,"column":13}},"loc":{"start":{"line":175,"column":30},"end":{"line":204,"column":2}}},"13":{"name":"(anonymous_13)","decl":{"start":{"line":183,"column":21},"end":{"line":183,"column":22}},"loc":{"start":{"line":183,"column":27},"end":{"line":188,"column":3}}},"14":{"name":"(anonymous_14)","decl":{"start":{"line":196,"column":21},"end":{"line":196,"column":22}},"loc":{"start":{"line":196,"column":27},"end":{"line":201,"column":3}}},"15":{"name":"(anonymous_15)","decl":{"start":{"line":214,"column":1},"end":{"line":214,"column":5}},"loc":{"start":{"line":214,"column":5},"end":{"line":222,"column":2}}},"16":{"name":"(anonymous_16)","decl":{"start":{"line":219,"column":37},"end":{"line":219,"column":40}},"loc":{"start":{"line":219,"column":42},"end":{"line":221,"column":3}}},"17":{"name":"(anonymous_17)","decl":{"start":{"line":230,"column":1},"end":{"line":230,"column":6}},"loc":{"start":{"line":230,"column":6},"end":{"line":233,"column":2}}},"18":{"name":"(anonymous_18)","decl":{"start":{"line":241,"column":1},"end":{"line":241,"column":5}},"loc":{"start":{"line":241,"column":5},"end":{"line":273,"column":2}}},"19":{"name":"(anonymous_19)","decl":{"start":{"line":245,"column":38},"end":{"line":245,"column":49}},"loc":{"start":{"line":245,"column":51},"end":{"line":251,"column":3}}},"20":{"name":"(anonymous_20)","decl":{"start":{"line":262,"column":21},"end":{"line":262,"column":22}},"loc":{"start":{"line":262,"column":27},"end":{"line":271,"column":3}}},"21":{"name":"(anonymous_21)","decl":{"start":{"line":283,"column":1},"end":{"line":283,"column":7}},"loc":{"start":{"line":283,"column":7},"end":{"line":294,"column":2}}},"22":{"name":"(anonymous_22)","decl":{"start":{"line":285,"column":21},"end":{"line":285,"column":22}},"loc":{"start":{"line":285,"column":30},"end":{"line":292,"column":3}}},"23":{"name":"(anonymous_23)","decl":{"start":{"line":304,"column":1},"end":{"line":304,"column":10}},"loc":{"start":{"line":304,"column":10},"end":{"line":306,"column":2}}},"24":{"name":"(anonymous_24)","decl":{"start":{"line":316,"column":1},"end":{"line":316,"column":10}},"loc":{"start":{"line":316,"column":10},"end":{"line":318,"column":2}}}},"branchMap":{"0":{"loc":{"start":{"line":70,"column":2},"end":{"line":79,"column":null}},"type":"if","locations":[{"start":{"line":70,"column":2},"end":{"line":79,"column":null}},{"start":{"line":77,"column":9},"end":{"line":79,"column":null}}]},"1":{"loc":{"start":{"line":71,"column":3},"end":{"line":74,"column":5}},"type":"binary-expr","locations":[{"start":{"line":71,"column":3},"end":{"line":71,"column":23}},{"start":{"line":72,"column":3},"end":{"line":74,"column":5}}]},"2":{"loc":{"start":{"line":94,"column":2},"end":{"line":98,"column":null}},"type":"if","locations":[{"start":{"line":94,"column":2},"end":{"line":98,"column":null}},{"start":{"line":96,"column":9},"end":{"line":98,"column":null}}]},"3":{"loc":{"start":{"line":94,"column":6},"end":{"line":94,"column":24}},"type":"binary-expr","locations":[{"start":{"line":94,"column":6},"end":{"line":94,"column":11}},{"start":{"line":94,"column":15},"end":{"line":94,"column":24}}]},"4":{"loc":{"start":{"line":99,"column":2},"end":{"line":102,"column":null}},"type":"if","locations":[{"start":{"line":99,"column":2},"end":{"line":102,"column":null}}]},"5":{"loc":{"start":{"line":117,"column":17},"end":{"line":117,"column":58}},"type":"cond-expr","locations":[{"start":{"line":117,"column":46},"end":{"line":117,"column":50}},{"start":{"line":117,"column":53},"end":{"line":117,"column":58}}]},"6":{"loc":{"start":{"line":132,"column":21},"end":{"line":132,"column":65}},"type":"cond-expr","locations":[{"start":{"line":132,"column":49},"end":{"line":132,"column":57}},{"start":{"line":132,"column":60},"end":{"line":132,"column":65}}]},"7":{"loc":{"start":{"line":176,"column":12},"end":{"line":176,"column":42}},"type":"cond-expr","locations":[{"start":{"line":176,"column":30},"end":{"line":176,"column":32}},{"start":{"line":176,"column":35},"end":{"line":176,"column":42}}]},"8":{"loc":{"start":{"line":177,"column":22},"end":{"line":177,"column":92}},"type":"cond-expr","locations":[{"start":{"line":177,"column":64},"end":{"line":177,"column":70}},{"start":{"line":177,"column":73},"end":{"line":177,"column":92}}]},"9":{"loc":{"start":{"line":215,"column":2},"end":{"line":217,"column":null}},"type":"if","locations":[{"start":{"line":215,"column":2},"end":{"line":217,"column":null}}]},"10":{"loc":{"start":{"line":242,"column":2},"end":{"line":244,"column":null}},"type":"if","locations":[{"start":{"line":242,"column":2},"end":{"line":244,"column":null}}]},"11":{"loc":{"start":{"line":253,"column":2},"end":{"line":255,"column":null}},"type":"if","locations":[{"start":{"line":253,"column":2},"end":{"line":255,"column":null}}]},"12":{"loc":{"start":{"line":256,"column":2},"end":{"line":260,"column":null}},"type":"if","locations":[{"start":{"line":256,"column":2},"end":{"line":260,"column":null}},{"start":{"line":258,"column":9},"end":{"line":260,"column":null}}]},"13":{"loc":{"start":{"line":257,"column":34},"end":{"line":257,"column":210}},"type":"cond-expr","locations":[{"start":{"line":257,"column":48},"end":{"line":257,"column":77}},{"start":{"line":257,"column":80},"end":{"line":257,"column":210}}]},"14":{"loc":{"start":{"line":257,"column":80},"end":{"line":257,"column":210}},"type":"cond-expr","locations":[{"start":{"line":257,"column":143},"end":{"line":257,"column":175}},{"start":{"line":257,"column":179},"end":{"line":257,"column":210}}]},"15":{"loc":{"start":{"line":258,"column":9},"end":{"line":260,"column":null}},"type":"if","locations":[{"start":{"line":258,"column":9},"end":{"line":260,"column":null}}]},"16":{"loc":{"start":{"line":264,"column":3},"end":{"line":270,"column":null}},"type":"if","locations":[{"start":{"line":264,"column":3},"end":{"line":270,"column":null}},{"start":{"line":267,"column":10},"end":{"line":270,"column":null}}]},"17":{"loc":{"start":{"line":305,"column":9},"end":{"line":305,"column":44}},"type":"cond-expr","locations":[{"start":{"line":305,"column":32},"end":{"line":305,"column":36}},{"start":{"line":305,"column":39},"end":{"line":305,"column":44}}]}},"s":{"0":404,"1":344,"2":367,"3":70,"4":6,"5":4,"6":66,"7":173,"8":69,"9":1,"10":68,"11":69,"12":2,"13":2,"14":107,"15":70,"16":189,"17":69,"18":397,"19":67,"20":67,"21":67,"22":67,"23":67,"24":67,"25":67,"26":67,"27":67,"28":67,"29":67,"30":67,"31":67,"32":67,"33":67,"34":67,"35":67,"36":67,"37":67,"38":67,"39":71,"40":71,"41":71,"42":71,"43":67,"44":67,"45":67,"46":67,"47":67,"48":67,"49":67,"50":67,"51":71,"52":71,"53":71,"54":71,"55":67,"56":168,"57":1,"58":167,"59":167,"60":1,"61":240,"62":240,"63":108,"64":1,"65":107,"66":96,"67":132,"68":96,"69":107,"70":95,"71":107,"72":103,"73":4,"74":2,"75":107,"76":107,"77":107,"78":56,"79":56,"80":51,"81":51,"82":107,"83":65,"84":65,"85":69,"86":69,"87":69,"88":69,"89":69,"90":65,"91":3,"92":279,"93":2},"f":{"0":404,"1":344,"2":367,"3":70,"4":6,"5":173,"6":69,"7":107,"8":70,"9":189,"10":69,"11":397,"12":67,"13":71,"14":71,"15":168,"16":1,"17":240,"18":108,"19":96,"20":107,"21":65,"22":69,"23":3,"24":279},"b":{"0":[4,66],"1":[70,5],"2":[1,68],"3":[69,1],"4":[2],"5":[67,3],"6":[68,1],"7":[60,7],"8":[66,1],"9":[1],"10":[1],"11":[95],"12":[103,4],"13":[96,7],"14":[1,6],"15":[2],"16":[56,51],"17":[2,1]}}
,"/home/yak/brandojs/src/browser/index.ts": {"path":"/home/yak/brandojs/src/browser/index.ts","statementMap":{"0":{"start":{"line":1,"column":0},"end":{"line":1,"column":44}},"1":{"start":{"line":16,"column":1},"end":{"line":16,"column":28}},"2":{"start":{"line":15,"column":0},"end":{"line":15,"column":16}}},"fnMap":{"0":{"name":"create","decl":{"start":{"line":15,"column":16},"end":{"line":15,"column":22}},"loc":{"start":{"line":15,"column":40},"end":{"line":17,"column":1}}}},"branchMap":{},"s":{"0":1,"1":4,"2":1},"f":{"0":4},"b":{}}
}
