{"/home/yak/brandojs/src/bRando.ts": {"path":"/home/yak/brandojs/src/bRando.ts","statementMap":{"0":{"start":{"line":1,"column":0},"end":{"line":1,"column":42}},"1":{"start":{"line":48,"column":2},"end":{"line":48,"column":27}},"2":{"start":{"line":56,"column":2},"end":{"line":56,"column":21}},"3":{"start":{"line":64,"column":2},"end":{"line":64,"column":27}},"4":{"start":{"line":71,"column":2},"end":{"line":93,"column":null}},"5":{"start":{"line":74,"column":4},"end":{"line":74,"column":33}},"6":{"start":{"line":77,"column":3},"end":{"line":77,"column":29}},"7":{"start":{"line":79,"column":18},"end":{"line":79,"column":108}},"8":{"start":{"line":79,"column":59},"end":{"line":79,"column":107}},"9":{"start":{"line":81,"column":21},"end":{"line":81,"column":159}},"10":{"start":{"line":85,"column":3},"end":{"line":92,"column":5}},"11":{"start":{"line":101,"column":2},"end":{"line":101,"column":23}},"12":{"start":{"line":108,"column":2},"end":{"line":112,"column":null}},"13":{"start":{"line":109,"column":3},"end":{"line":109,"column":25}},"14":{"start":{"line":111,"column":3},"end":{"line":111,"column":24}},"15":{"start":{"line":113,"column":2},"end":{"line":116,"column":null}},"16":{"start":{"line":114,"column":3},"end":{"line":114,"column":16}},"17":{"start":{"line":115,"column":3},"end":{"line":115,"column":15}},"18":{"start":{"line":124,"column":2},"end":{"line":124,"column":22}},"19":{"start":{"line":131,"column":2},"end":{"line":131,"column":59}},"20":{"start":{"line":139,"column":2},"end":{"line":139,"column":26}},"21":{"start":{"line":146,"column":2},"end":{"line":146,"column":66}},"22":{"start":{"line":166,"column":2},"end":{"line":166,"column":38}},"23":{"start":{"line":43,"column":20},"end":{"line":43,"column":46}},"24":{"start":{"line":59,"column":11},"end":{"line":59,"column":39}},"25":{"start":{"line":96,"column":11},"end":{"line":96,"column":32}},"26":{"start":{"line":119,"column":11},"end":{"line":119,"column":35}},"27":{"start":{"line":134,"column":11},"end":{"line":134,"column":36}},"28":{"start":{"line":149,"column":20},"end":{"line":149,"column":59}},"29":{"start":{"line":150,"column":20},"end":{"line":150,"column":57}},"30":{"start":{"line":151,"column":20},"end":{"line":151,"column":56}},"31":{"start":{"line":152,"column":11},"end":{"line":152,"column":33}},"32":{"start":{"line":154,"column":11},"end":{"line":154,"column":43}},"33":{"start":{"line":160,"column":11},"end":{"line":160,"column":48}},"34":{"start":{"line":176,"column":2},"end":{"line":176,"column":43}},"35":{"start":{"line":177,"column":2},"end":{"line":177,"column":93}},"36":{"start":{"line":178,"column":2},"end":{"line":178,"column":60}},"37":{"start":{"line":179,"column":2},"end":{"line":179,"column":41}},"38":{"start":{"line":180,"column":2},"end":{"line":180,"column":33}},"39":{"start":{"line":181,"column":2},"end":{"line":181,"column":31}},"40":{"start":{"line":182,"column":2},"end":{"line":182,"column":39}},"41":{"start":{"line":183,"column":2},"end":{"line":188,"column":5}},"42":{"start":{"line":184,"column":3},"end":{"line":184,"column":74}},"43":{"start":{"line":185,"column":3},"end":{"line":185,"column":70}},"44":{"start":{"line":186,"column":3},"end":{"line":186,"column":67}},"45":{"start":{"line":187,"column":4},"end":{"line":187,"column":50}},"46":{"start":{"line":189,"column":2},"end":{"line":189,"column":55}},"47":{"start":{"line":190,"column":2},"end":{"line":190,"column":90}},"48":{"start":{"line":191,"column":2},"end":{"line":191,"column":92}},"49":{"start":{"line":192,"column":2},"end":{"line":192,"column":98}},"50":{"start":{"line":193,"column":2},"end":{"line":193,"column":92}},"51":{"start":{"line":194,"column":2},"end":{"line":194,"column":296}},"52":{"start":{"line":195,"column":2},"end":{"line":195,"column":43}},"53":{"start":{"line":196,"column":2},"end":{"line":201,"column":5}},"54":{"start":{"line":197,"column":4},"end":{"line":197,"column":70}},"55":{"start":{"line":198,"column":4},"end":{"line":198,"column":98}},"56":{"start":{"line":199,"column":4},"end":{"line":199,"column":71}},"57":{"start":{"line":200,"column":4},"end":{"line":200,"column":41}},"58":{"start":{"line":203,"column":2},"end":{"line":203,"column":14}},"59":{"start":{"line":214,"column":2},"end":{"line":216,"column":null}},"60":{"start":{"line":215,"column":3},"end":{"line":215,"column":10}},"61":{"start":{"line":217,"column":2},"end":{"line":217,"column":15}},"62":{"start":{"line":218,"column":2},"end":{"line":220,"column":19}},"63":{"start":{"line":219,"column":3},"end":{"line":219,"column":15}},"64":{"start":{"line":230,"column":2},"end":{"line":230,"column":38}},"65":{"start":{"line":231,"column":2},"end":{"line":231,"column":21}},"66":{"start":{"line":241,"column":2},"end":{"line":243,"column":null}},"67":{"start":{"line":242,"column":3},"end":{"line":242,"column":10}},"68":{"start":{"line":244,"column":38},"end":{"line":250,"column":3}},"69":{"start":{"line":246,"column":3},"end":{"line":248,"column":54}},"70":{"start":{"line":247,"column":4},"end":{"line":247,"column":67}},"71":{"start":{"line":249,"column":3},"end":{"line":249,"column":19}},"72":{"start":{"line":252,"column":2},"end":{"line":254,"column":null}},"73":{"start":{"line":253,"column":3},"end":{"line":253,"column":15}},"74":{"start":{"line":255,"column":2},"end":{"line":259,"column":null}},"75":{"start":{"line":256,"column":3},"end":{"line":256,"column":211}},"76":{"start":{"line":257,"column":9},"end":{"line":259,"column":null}},"77":{"start":{"line":258,"column":3},"end":{"line":258,"column":36}},"78":{"start":{"line":261,"column":2},"end":{"line":270,"column":5}},"79":{"start":{"line":262,"column":4},"end":{"line":262,"column":98}},"80":{"start":{"line":263,"column":3},"end":{"line":269,"column":null}},"81":{"start":{"line":264,"column":5},"end":{"line":264,"column":116}},"82":{"start":{"line":265,"column":5},"end":{"line":265,"column":71}},"83":{"start":{"line":267,"column":5},"end":{"line":267,"column":88}},"84":{"start":{"line":268,"column":5},"end":{"line":268,"column":71}},"85":{"start":{"line":271,"column":2},"end":{"line":271,"column":45}},"86":{"start":{"line":283,"column":2},"end":{"line":283,"column":15}},"87":{"start":{"line":284,"column":2},"end":{"line":291,"column":5}},"88":{"start":{"line":286,"column":4},"end":{"line":286,"column":70}},"89":{"start":{"line":287,"column":4},"end":{"line":287,"column":73}},"90":{"start":{"line":288,"column":4},"end":{"line":288,"column":73}},"91":{"start":{"line":289,"column":4},"end":{"line":289,"column":69}},"92":{"start":{"line":290,"column":4},"end":{"line":290,"column":66}},"93":{"start":{"line":292,"column":2},"end":{"line":292,"column":30}},"94":{"start":{"line":304,"column":2},"end":{"line":304,"column":45}},"95":{"start":{"line":316,"column":2},"end":{"line":316,"column":41}},"96":{"start":{"line":42,"column":0},"end":{"line":42,"column":13}}},"fnMap":{"0":{"name":"(anonymous_0)","decl":{"start":{"line":47,"column":1},"end":{"line":47,"column":12}},"loc":{"start":{"line":47,"column":23},"end":{"line":49,"column":2}}},"1":{"name":"(anonymous_1)","decl":{"start":{"line":55,"column":1},"end":{"line":55,"column":12}},"loc":{"start":{"line":55,"column":17},"end":{"line":57,"column":2}}},"2":{"name":"(anonymous_2)","decl":{"start":{"line":63,"column":1},"end":{"line":63,"column":12}},"loc":{"start":{"line":63,"column":23},"end":{"line":65,"column":2}}},"3":{"name":"(anonymous_3)","decl":{"start":{"line":70,"column":1},"end":{"line":70,"column":12}},"loc":{"start":{"line":70,"column":51},"end":{"line":94,"column":2}}},"4":{"name":"(anonymous_4)","decl":{"start":{"line":73,"column":15},"end":{"line":73,"column":16}},"loc":{"start":{"line":73,"column":21},"end":{"line":75,"column":4}}},"5":{"name":"(anonymous_5)","decl":{"start":{"line":79,"column":52},"end":{"line":79,"column":53}},"loc":{"start":{"line":79,"column":59},"end":{"line":79,"column":107}}},"6":{"name":"(anonymous_6)","decl":{"start":{"line":100,"column":1},"end":{"line":100,"column":12}},"loc":{"start":{"line":100,"column":19},"end":{"line":102,"column":2}}},"7":{"name":"(anonymous_7)","decl":{"start":{"line":107,"column":1},"end":{"line":107,"column":12}},"loc":{"start":{"line":107,"column":45},"end":{"line":117,"column":2}}},"8":{"name":"(anonymous_8)","decl":{"start":{"line":123,"column":1},"end":{"line":123,"column":12}},"loc":{"start":{"line":123,"column":18},"end":{"line":125,"column":2}}},"9":{"name":"(anonymous_9)","decl":{"start":{"line":130,"column":1},"end":{"line":130,"column":12}},"loc":{"start":{"line":130,"column":45},"end":{"line":132,"column":2}}},"10":{"name":"(anonymous_10)","decl":{"start":{"line":138,"column":1},"end":{"line":138,"column":12}},"loc":{"start":{"line":138,"column":22},"end":{"line":140,"column":2}}},"11":{"name":"(anonymous_11)","decl":{"start":{"line":145,"column":1},"end":{"line":145,"column":12}},"loc":{"start":{"line":145,"column":48},"end":{"line":147,"column":2}}},"12":{"name":"(anonymous_12)","decl":{"start":{"line":165,"column":1},"end":{"line":165,"column":12}},"loc":{"start":{"line":165,"column":34},"end":{"line":167,"column":2}}},"13":{"name":"(anonymous_13)","decl":{"start":{"line":175,"column":1},"end":{"line":175,"column":13}},"loc":{"start":{"line":175,"column":30},"end":{"line":204,"column":2}}},"14":{"name":"(anonymous_14)","decl":{"start":{"line":183,"column":21},"end":{"line":183,"column":22}},"loc":{"start":{"line":183,"column":27},"end":{"line":188,"column":3}}},"15":{"name":"(anonymous_15)","decl":{"start":{"line":196,"column":21},"end":{"line":196,"column":22}},"loc":{"start":{"line":196,"column":27},"end":{"line":201,"column":3}}},"16":{"name":"(anonymous_16)","decl":{"start":{"line":213,"column":1},"end":{"line":213,"column":5}},"loc":{"start":{"line":213,"column":5},"end":{"line":221,"column":2}}},"17":{"name":"(anonymous_17)","decl":{"start":{"line":218,"column":37},"end":{"line":218,"column":40}},"loc":{"start":{"line":218,"column":42},"end":{"line":220,"column":3}}},"18":{"name":"(anonymous_18)","decl":{"start":{"line":229,"column":1},"end":{"line":229,"column":6}},"loc":{"start":{"line":229,"column":6},"end":{"line":232,"column":2}}},"19":{"name":"(anonymous_19)","decl":{"start":{"line":240,"column":1},"end":{"line":240,"column":5}},"loc":{"start":{"line":240,"column":5},"end":{"line":272,"column":2}}},"20":{"name":"(anonymous_20)","decl":{"start":{"line":244,"column":38},"end":{"line":244,"column":49}},"loc":{"start":{"line":244,"column":51},"end":{"line":250,"column":3}}},"21":{"name":"(anonymous_21)","decl":{"start":{"line":261,"column":21},"end":{"line":261,"column":22}},"loc":{"start":{"line":261,"column":27},"end":{"line":270,"column":3}}},"22":{"name":"(anonymous_22)","decl":{"start":{"line":282,"column":1},"end":{"line":282,"column":7}},"loc":{"start":{"line":282,"column":7},"end":{"line":293,"column":2}}},"23":{"name":"(anonymous_23)","decl":{"start":{"line":284,"column":21},"end":{"line":284,"column":22}},"loc":{"start":{"line":284,"column":30},"end":{"line":291,"column":3}}},"24":{"name":"(anonymous_24)","decl":{"start":{"line":303,"column":1},"end":{"line":303,"column":10}},"loc":{"start":{"line":303,"column":10},"end":{"line":305,"column":2}}},"25":{"name":"(anonymous_25)","decl":{"start":{"line":315,"column":1},"end":{"line":315,"column":10}},"loc":{"start":{"line":315,"column":10},"end":{"line":317,"column":2}}}},"branchMap":{"0":{"loc":{"start":{"line":71,"column":2},"end":{"line":93,"column":null}},"type":"if","locations":[{"start":{"line":71,"column":2},"end":{"line":93,"column":null}},{"start":{"line":78,"column":9},"end":{"line":93,"column":null}}]},"1":{"loc":{"start":{"line":72,"column":3},"end":{"line":75,"column":5}},"type":"binary-expr","locations":[{"start":{"line":72,"column":3},"end":{"line":72,"column":23}},{"start":{"line":73,"column":3},"end":{"line":75,"column":5}}]},"2":{"loc":{"start":{"line":81,"column":21},"end":{"line":81,"column":159}},"type":"cond-expr","locations":[{"start":{"line":81,"column":46},"end":{"line":81,"column":54}},{"start":{"line":81,"column":57},"end":{"line":81,"column":159}}]},"3":{"loc":{"start":{"line":108,"column":2},"end":{"line":112,"column":null}},"type":"if","locations":[{"start":{"line":108,"column":2},"end":{"line":112,"column":null}},{"start":{"line":110,"column":9},"end":{"line":112,"column":null}}]},"4":{"loc":{"start":{"line":108,"column":6},"end":{"line":108,"column":24}},"type":"binary-expr","locations":[{"start":{"line":108,"column":6},"end":{"line":108,"column":11}},{"start":{"line":108,"column":15},"end":{"line":108,"column":24}}]},"5":{"loc":{"start":{"line":113,"column":2},"end":{"line":116,"column":null}},"type":"if","locations":[{"start":{"line":113,"column":2},"end":{"line":116,"column":null}}]},"6":{"loc":{"start":{"line":131,"column":17},"end":{"line":131,"column":58}},"type":"cond-expr","locations":[{"start":{"line":131,"column":46},"end":{"line":131,"column":50}},{"start":{"line":131,"column":53},"end":{"line":131,"column":58}}]},"7":{"loc":{"start":{"line":146,"column":21},"end":{"line":146,"column":65}},"type":"cond-expr","locations":[{"start":{"line":146,"column":49},"end":{"line":146,"column":57}},{"start":{"line":146,"column":60},"end":{"line":146,"column":65}}]},"8":{"loc":{"start":{"line":176,"column":12},"end":{"line":176,"column":42}},"type":"cond-expr","locations":[{"start":{"line":176,"column":30},"end":{"line":176,"column":32}},{"start":{"line":176,"column":35},"end":{"line":176,"column":42}}]},"9":{"loc":{"start":{"line":177,"column":22},"end":{"line":177,"column":92}},"type":"cond-expr","locations":[{"start":{"line":177,"column":64},"end":{"line":177,"column":70}},{"start":{"line":177,"column":73},"end":{"line":177,"column":92}}]},"10":{"loc":{"start":{"line":214,"column":2},"end":{"line":216,"column":null}},"type":"if","locations":[{"start":{"line":214,"column":2},"end":{"line":216,"column":null}}]},"11":{"loc":{"start":{"line":241,"column":2},"end":{"line":243,"column":null}},"type":"if","locations":[{"start":{"line":241,"column":2},"end":{"line":243,"column":null}}]},"12":{"loc":{"start":{"line":252,"column":2},"end":{"line":254,"column":null}},"type":"if","locations":[{"start":{"line":252,"column":2},"end":{"line":254,"column":null}}]},"13":{"loc":{"start":{"line":255,"column":2},"end":{"line":259,"column":null}},"type":"if","locations":[{"start":{"line":255,"column":2},"end":{"line":259,"column":null}},{"start":{"line":257,"column":9},"end":{"line":259,"column":null}}]},"14":{"loc":{"start":{"line":256,"column":34},"end":{"line":256,"column":210}},"type":"cond-expr","locations":[{"start":{"line":256,"column":48},"end":{"line":256,"column":77}},{"start":{"line":256,"column":80},"end":{"line":256,"column":210}}]},"15":{"loc":{"start":{"line":256,"column":80},"end":{"line":256,"column":210}},"type":"cond-expr","locations":[{"start":{"line":256,"column":143},"end":{"line":256,"column":175}},{"start":{"line":256,"column":179},"end":{"line":256,"column":210}}]},"16":{"loc":{"start":{"line":257,"column":9},"end":{"line":259,"column":null}},"type":"if","locations":[{"start":{"line":257,"column":9},"end":{"line":259,"column":null}}]},"17":{"loc":{"start":{"line":263,"column":3},"end":{"line":269,"column":null}},"type":"if","locations":[{"start":{"line":263,"column":3},"end":{"line":269,"column":null}},{"start":{"line":266,"column":10},"end":{"line":269,"column":null}}]},"18":{"loc":{"start":{"line":304,"column":9},"end":{"line":304,"column":44}},"type":"cond-expr","locations":[{"start":{"line":304,"column":32},"end":{"line":304,"column":36}},{"start":{"line":304,"column":39},"end":{"line":304,"column":44}}]}},"s":{"0":2,"1":404,"2":344,"3":389,"4":70,"5":6,"6":4,"7":66,"8":0,"9":66,"10":66,"11":173,"12":69,"13":1,"14":68,"15":69,"16":2,"17":2,"18":107,"19":70,"20":189,"21":69,"22":418,"23":67,"24":67,"25":67,"26":67,"27":67,"28":67,"29":67,"30":67,"31":67,"32":67,"33":67,"34":67,"35":67,"36":67,"37":67,"38":67,"39":67,"40":67,"41":67,"42":71,"43":71,"44":71,"45":71,"46":67,"47":67,"48":67,"49":67,"50":67,"51":67,"52":67,"53":67,"54":71,"55":71,"56":71,"57":71,"58":67,"59":168,"60":1,"61":167,"62":167,"63":1,"64":240,"65":240,"66":108,"67":1,"68":107,"69":96,"70":153,"71":96,"72":107,"73":95,"74":107,"75":103,"76":4,"77":2,"78":107,"79":107,"80":107,"81":56,"82":56,"83":51,"84":51,"85":107,"86":65,"87":65,"88":69,"89":69,"90":69,"91":69,"92":69,"93":65,"94":3,"95":279,"96":2},"f":{"0":404,"1":344,"2":389,"3":70,"4":6,"5":0,"6":173,"7":69,"8":107,"9":70,"10":189,"11":69,"12":418,"13":67,"14":71,"15":71,"16":168,"17":1,"18":240,"19":108,"20":96,"21":107,"22":65,"23":69,"24":3,"25":279},"b":{"0":[4,66],"1":[70,5],"2":[66,0],"3":[1,68],"4":[69,1],"5":[2],"6":[67,3],"7":[68,1],"8":[60,7],"9":[66,1],"10":[1],"11":[1],"12":[95],"13":[103,4],"14":[96,7],"15":[1,6],"16":[2],"17":[56,51],"18":[2,1]}}
,"/home/yak/brandojs/src/browser/index.ts": {"path":"/home/yak/brandojs/src/browser/index.ts","statementMap":{"0":{"start":{"line":1,"column":0},"end":{"line":1,"column":44}},"1":{"start":{"line":16,"column":1},"end":{"line":16,"column":28}},"2":{"start":{"line":15,"column":0},"end":{"line":15,"column":16}}},"fnMap":{"0":{"name":"create","decl":{"start":{"line":15,"column":16},"end":{"line":15,"column":22}},"loc":{"start":{"line":15,"column":40},"end":{"line":17,"column":1}}}},"branchMap":{},"s":{"0":1,"1":4,"2":1},"f":{"0":4},"b":{}}
}
