TN:
SF:src\bRando.ts
FN:8,(anonymous_0)
FN:13,(anonymous_1)
FN:18,(anonymous_2)
FN:21,(anonymous_3)
FN:24,(anonymous_4)
FN:30,(anonymous_5)
FN:48,(anonymous_6)
FN:51,(anonymous_7)
FN:64,(anonymous_8)
FN:67,(anonymous_9)
FN:72,(anonymous_10)
FN:75,(anonymous_11)
FN:95,(anonymous_12)
FN:105,(anonymous_13)
FN:112,(anonymous_14)
FN:125,(anonymous_15)
FN:137,(anonymous_16)
FN:139,(anonymous_17)
FN:146,(anonymous_18)
FN:153,(anonymous_19)
FN:154,(anonymous_20)
FN:171,(anonymous_21)
FN:186,(anonymous_22)
FN:188,(anonymous_23)
FN:202,(anonymous_24)
FNF:25
FNH:24
FNDA:374,(anonymous_0)
FNDA:326,(anonymous_1)
FNDA:379,(anonymous_2)
FNDA:65,(anonymous_3)
FNDA:6,(anonymous_4)
FNDA:0,(anonymous_5)
FNDA:168,(anonymous_6)
FNDA:64,(anonymous_7)
FNDA:107,(anonymous_8)
FNDA:65,(anonymous_9)
FNDA:184,(anonymous_10)
FNDA:64,(anonymous_11)
FNDA:406,(anonymous_12)
FNDA:62,(anonymous_13)
FNDA:66,(anonymous_14)
FNDA:66,(anonymous_15)
FNDA:162,(anonymous_16)
FNDA:1,(anonymous_17)
FNDA:227,(anonymous_18)
FNDA:107,(anonymous_19)
FNDA:96,(anonymous_20)
FNDA:107,(anonymous_21)
FNDA:57,(anonymous_22)
FNDA:61,(anonymous_23)
FNDA:3,(anonymous_24)
DA:1,2
DA:6,2
DA:7,62
DA:9,374
DA:14,326
DA:17,62
DA:19,379
DA:22,65
DA:25,6
DA:28,4
DA:30,61
DA:32,61
DA:36,61
DA:47,62
DA:49,168
DA:52,64
DA:53,1
DA:55,63
DA:57,64
DA:58,2
DA:59,2
DA:63,62
DA:65,107
DA:68,65
DA:71,62
DA:73,184
DA:76,64
DA:79,62
DA:80,62
DA:81,62
DA:82,62
DA:84,62
DA:90,62
DA:96,406
DA:106,62
DA:107,62
DA:108,62
DA:109,62
DA:110,62
DA:111,62
DA:112,62
DA:113,66
DA:114,66
DA:115,66
DA:116,66
DA:118,62
DA:119,62
DA:120,62
DA:121,62
DA:122,62
DA:123,62
DA:124,62
DA:125,62
DA:126,66
DA:127,66
DA:128,66
DA:129,66
DA:132,62
DA:138,162
DA:139,162
DA:140,1
DA:147,227
DA:148,227
DA:154,107
DA:156,96
DA:157,143
DA:159,96
DA:162,107
DA:163,95
DA:165,107
DA:166,103
DA:167,4
DA:168,2
DA:171,107
DA:172,107
DA:173,107
DA:174,56
DA:175,56
DA:177,51
DA:178,51
DA:181,107
DA:187,57
DA:188,57
DA:190,61
DA:191,61
DA:192,61
DA:193,61
DA:194,61
DA:196,57
DA:203,3
LF:90
LH:90
BRDA:22,0,0,4
BRDA:22,0,1,61
BRDA:23,1,0,65
BRDA:23,1,1,5
BRDA:32,2,0,61
BRDA:32,2,1,0
BRDA:52,3,0,1
BRDA:52,3,1,63
BRDA:52,4,0,64
BRDA:52,4,1,1
BRDA:57,5,0,2
BRDA:68,6,0,62
BRDA:68,6,1,3
BRDA:76,7,0,63
BRDA:76,7,1,1
BRDA:105,8,0,55
BRDA:106,9,0,61
BRDA:106,9,1,1
BRDA:162,10,0,95
BRDA:165,11,0,103
BRDA:165,11,1,4
BRDA:166,12,0,96
BRDA:166,12,1,7
BRDA:166,13,0,1
BRDA:166,13,1,6
BRDA:167,14,0,2
BRDA:173,15,0,56
BRDA:173,15,1,51
BRDA:203,16,0,2
BRDA:203,16,1,1
BRF:30
BRH:29
end_of_record
TN:
SF:src\index.ts
FN:29,create
FNF:1
FNH:1
FNDA:4,create
DA:1,1
DA:29,1
DA:30,4
LF:3
LH:3
BRF:0
BRH:0
end_of_record
