TN:
SF:src/bRando.ts
FN:47,(anonymous_0)
FN:55,(anonymous_1)
FN:63,(anonymous_2)
FN:70,(anonymous_3)
FN:73,(anonymous_4)
FN:79,(anonymous_5)
FN:100,(anonymous_6)
FN:107,(anonymous_7)
FN:123,(anonymous_8)
FN:130,(anonymous_9)
FN:138,(anonymous_10)
FN:145,(anonymous_11)
FN:165,(anonymous_12)
FN:175,(anonymous_13)
FN:183,(anonymous_14)
FN:196,(anonymous_15)
FN:213,(anonymous_16)
FN:218,(anonymous_17)
FN:229,(anonymous_18)
FN:240,(anonymous_19)
FN:244,(anonymous_20)
FN:261,(anonymous_21)
FN:282,(anonymous_22)
FN:284,(anonymous_23)
FN:303,(anonymous_24)
FN:315,(anonymous_25)
FNF:26
FNH:25
FNDA:404,(anonymous_0)
FNDA:344,(anonymous_1)
FNDA:389,(anonymous_2)
FNDA:70,(anonymous_3)
FNDA:6,(anonymous_4)
FNDA:0,(anonymous_5)
FNDA:173,(anonymous_6)
FNDA:69,(anonymous_7)
FNDA:107,(anonymous_8)
FNDA:70,(anonymous_9)
FNDA:189,(anonymous_10)
FNDA:69,(anonymous_11)
FNDA:418,(anonymous_12)
FNDA:67,(anonymous_13)
FNDA:71,(anonymous_14)
FNDA:71,(anonymous_15)
FNDA:168,(anonymous_16)
FNDA:1,(anonymous_17)
FNDA:240,(anonymous_18)
FNDA:108,(anonymous_19)
FNDA:96,(anonymous_20)
FNDA:107,(anonymous_21)
FNDA:65,(anonymous_22)
FNDA:69,(anonymous_23)
FNDA:3,(anonymous_24)
FNDA:279,(anonymous_25)
DA:1,2
DA:42,2
DA:43,67
DA:48,404
DA:56,344
DA:59,67
DA:64,389
DA:71,70
DA:74,6
DA:77,4
DA:79,66
DA:81,66
DA:85,66
DA:96,67
DA:101,173
DA:108,69
DA:109,1
DA:111,68
DA:113,69
DA:114,2
DA:115,2
DA:119,67
DA:124,107
DA:131,70
DA:134,67
DA:139,189
DA:146,69
DA:149,67
DA:150,67
DA:151,67
DA:152,67
DA:154,67
DA:160,67
DA:166,418
DA:176,67
DA:177,67
DA:178,67
DA:179,67
DA:180,67
DA:181,67
DA:182,67
DA:183,67
DA:184,71
DA:185,71
DA:186,71
DA:187,71
DA:189,67
DA:190,67
DA:191,67
DA:192,67
DA:193,67
DA:194,67
DA:195,67
DA:196,67
DA:197,71
DA:198,71
DA:199,71
DA:200,71
DA:203,67
DA:214,168
DA:215,1
DA:217,167
DA:218,167
DA:219,1
DA:230,240
DA:231,240
DA:241,108
DA:242,1
DA:244,107
DA:246,96
DA:247,153
DA:249,96
DA:252,107
DA:253,95
DA:255,107
DA:256,103
DA:257,4
DA:258,2
DA:261,107
DA:262,107
DA:263,107
DA:264,56
DA:265,56
DA:267,51
DA:268,51
DA:271,107
DA:283,65
DA:284,65
DA:286,69
DA:287,69
DA:288,69
DA:289,69
DA:290,69
DA:292,65
DA:304,3
DA:316,279
LF:96
LH:96
BRDA:71,0,0,4
BRDA:71,0,1,66
BRDA:72,1,0,70
BRDA:72,1,1,5
BRDA:81,2,0,66
BRDA:81,2,1,0
BRDA:108,3,0,1
BRDA:108,3,1,68
BRDA:108,4,0,69
BRDA:108,4,1,1
BRDA:113,5,0,2
BRDA:131,6,0,67
BRDA:131,6,1,3
BRDA:146,7,0,68
BRDA:146,7,1,1
BRDA:176,8,0,60
BRDA:176,8,1,7
BRDA:177,9,0,66
BRDA:177,9,1,1
BRDA:214,10,0,1
BRDA:241,11,0,1
BRDA:252,12,0,95
BRDA:255,13,0,103
BRDA:255,13,1,4
BRDA:256,14,0,96
BRDA:256,14,1,7
BRDA:256,15,0,1
BRDA:256,15,1,6
BRDA:257,16,0,2
BRDA:263,17,0,56
BRDA:263,17,1,51
BRDA:304,18,0,2
BRDA:304,18,1,1
BRF:33
BRH:32
end_of_record
TN:
SF:src/browser/index.ts
FN:15,create
FNF:1
FNH:1
FNDA:4,create
DA:1,1
DA:15,1
DA:16,4
LF:3
LH:3
BRF:0
BRH:0
end_of_record
