<?xml version="1.0" encoding="UTF-8"?>
<coverage generated="1672735949839" clover="3.2.0">
  <project timestamp="1672735949839" name="All files">
    <metrics statements="93" coveredstatements="93" conditionals="30" coveredconditionals="29" methods="26" coveredmethods="25" elements="149" coveredelements="147" complexity="0" loc="93" ncloc="93" packages="1" files="2" classes="2"/>
    <file name="bRando.ts" path="C:\Users\isaac\brandojs\src\bRando.ts">
      <metrics statements="90" coveredstatements="90" conditionals="30" coveredconditionals="29" methods="25" coveredmethods="24"/>
      <line num="1" count="2" type="stmt"/>
      <line num="6" count="2" type="stmt"/>
      <line num="7" count="62" type="stmt"/>
      <line num="9" count="374" type="stmt"/>
      <line num="14" count="322" type="stmt"/>
      <line num="17" count="62" type="stmt"/>
      <line num="19" count="429" type="stmt"/>
      <line num="22" count="65" type="cond" truecount="2" falsecount="0"/>
      <line num="25" count="6" type="stmt"/>
      <line num="28" count="4" type="stmt"/>
      <line num="30" count="61" type="stmt"/>
      <line num="32" count="61" type="cond" truecount="1" falsecount="1"/>
      <line num="36" count="61" type="stmt"/>
      <line num="43" count="62" type="stmt"/>
      <line num="45" count="168" type="stmt"/>
      <line num="48" count="64" type="cond" truecount="4" falsecount="0"/>
      <line num="49" count="1" type="stmt"/>
      <line num="51" count="63" type="stmt"/>
      <line num="53" count="64" type="cond" truecount="1" falsecount="0"/>
      <line num="54" count="2" type="stmt"/>
      <line num="55" count="2" type="stmt"/>
      <line num="59" count="62" type="stmt"/>
      <line num="61" count="103" type="stmt"/>
      <line num="64" count="65" type="cond" truecount="2" falsecount="0"/>
      <line num="67" count="62" type="stmt"/>
      <line num="69" count="180" type="stmt"/>
      <line num="72" count="64" type="cond" truecount="2" falsecount="0"/>
      <line num="75" count="62" type="stmt"/>
      <line num="76" count="62" type="stmt"/>
      <line num="77" count="62" type="stmt"/>
      <line num="78" count="62" type="stmt"/>
      <line num="80" count="62" type="stmt"/>
      <line num="86" count="62" type="stmt"/>
      <line num="92" count="456" type="stmt"/>
      <line num="102" count="62" type="cond" truecount="2" falsecount="0"/>
      <line num="103" count="62" type="stmt"/>
      <line num="104" count="62" type="stmt"/>
      <line num="105" count="62" type="stmt"/>
      <line num="106" count="62" type="stmt"/>
      <line num="107" count="62" type="stmt"/>
      <line num="108" count="62" type="stmt"/>
      <line num="109" count="66" type="stmt"/>
      <line num="110" count="66" type="stmt"/>
      <line num="111" count="66" type="stmt"/>
      <line num="112" count="66" type="stmt"/>
      <line num="114" count="62" type="stmt"/>
      <line num="115" count="62" type="stmt"/>
      <line num="116" count="62" type="stmt"/>
      <line num="117" count="62" type="stmt"/>
      <line num="118" count="62" type="stmt"/>
      <line num="119" count="62" type="stmt"/>
      <line num="120" count="62" type="stmt"/>
      <line num="121" count="62" type="stmt"/>
      <line num="122" count="66" type="stmt"/>
      <line num="123" count="66" type="stmt"/>
      <line num="124" count="66" type="stmt"/>
      <line num="125" count="66" type="stmt"/>
      <line num="128" count="62" type="stmt"/>
      <line num="134" count="162" type="stmt"/>
      <line num="135" count="162" type="stmt"/>
      <line num="136" count="1" type="stmt"/>
      <line num="143" count="227" type="stmt"/>
      <line num="144" count="227" type="stmt"/>
      <line num="150" count="103" type="stmt"/>
      <line num="152" count="96" type="stmt"/>
      <line num="153" count="209" type="stmt"/>
      <line num="155" count="96" type="stmt"/>
      <line num="158" count="103" type="cond" truecount="1" falsecount="0"/>
      <line num="159" count="95" type="stmt"/>
      <line num="161" count="103" type="cond" truecount="2" falsecount="0"/>
      <line num="162" count="99" type="cond" truecount="4" falsecount="0"/>
      <line num="163" count="4" type="cond" truecount="1" falsecount="0"/>
      <line num="164" count="2" type="stmt"/>
      <line num="167" count="103" type="stmt"/>
      <line num="168" count="103" type="stmt"/>
      <line num="169" count="103" type="cond" truecount="2" falsecount="0"/>
      <line num="170" count="54" type="stmt"/>
      <line num="171" count="54" type="stmt"/>
      <line num="173" count="49" type="stmt"/>
      <line num="174" count="49" type="stmt"/>
      <line num="177" count="103" type="stmt"/>
      <line num="183" count="57" type="stmt"/>
      <line num="184" count="57" type="stmt"/>
      <line num="186" count="61" type="stmt"/>
      <line num="187" count="61" type="stmt"/>
      <line num="188" count="61" type="stmt"/>
      <line num="189" count="61" type="stmt"/>
      <line num="190" count="61" type="stmt"/>
      <line num="192" count="57" type="stmt"/>
      <line num="199" count="3" type="cond" truecount="2" falsecount="0"/>
    </file>
    <file name="index.ts" path="C:\Users\isaac\brandojs\src\index.ts">
      <metrics statements="3" coveredstatements="3" conditionals="0" coveredconditionals="0" methods="1" coveredmethods="1"/>
      <line num="1" count="1" type="stmt"/>
      <line num="29" count="1" type="stmt"/>
      <line num="30" count="4" type="stmt"/>
    </file>
  </project>
</coverage>
