{"C:\\Users\\isaac\\brandojs\\src\\bRando.ts": {"path":"C:\\Users\\isaac\\brandojs\\src\\bRando.ts","statementMap":{"0":{"start":{"line":1,"column":0},"end":{"line":1,"column":42}},"1":{"start":{"line":9,"column":2},"end":{"line":9,"column":27}},"2":{"start":{"line":14,"column":2},"end":{"line":14,"column":21}},"3":{"start":{"line":19,"column":2},"end":{"line":19,"column":27}},"4":{"start":{"line":22,"column":2},"end":{"line":40,"column":null}},"5":{"start":{"line":25,"column":4},"end":{"line":25,"column":33}},"6":{"start":{"line":28,"column":3},"end":{"line":28,"column":29}},"7":{"start":{"line":30,"column":18},"end":{"line":30,"column":108}},"8":{"start":{"line":30,"column":59},"end":{"line":30,"column":107}},"9":{"start":{"line":32,"column":21},"end":{"line":32,"column":159}},"10":{"start":{"line":36,"column":3},"end":{"line":39,"column":5}},"11":{"start":{"line":45,"column":2},"end":{"line":45,"column":23}},"12":{"start":{"line":48,"column":2},"end":{"line":52,"column":null}},"13":{"start":{"line":49,"column":3},"end":{"line":49,"column":25}},"14":{"start":{"line":51,"column":3},"end":{"line":51,"column":24}},"15":{"start":{"line":53,"column":2},"end":{"line":56,"column":null}},"16":{"start":{"line":54,"column":3},"end":{"line":54,"column":16}},"17":{"start":{"line":55,"column":3},"end":{"line":55,"column":15}},"18":{"start":{"line":61,"column":2},"end":{"line":61,"column":22}},"19":{"start":{"line":64,"column":2},"end":{"line":64,"column":59}},"20":{"start":{"line":69,"column":2},"end":{"line":69,"column":26}},"21":{"start":{"line":72,"column":2},"end":{"line":72,"column":66}},"22":{"start":{"line":92,"column":2},"end":{"line":92,"column":38}},"23":{"start":{"line":7,"column":20},"end":{"line":7,"column":46}},"24":{"start":{"line":17,"column":11},"end":{"line":17,"column":39}},"25":{"start":{"line":43,"column":11},"end":{"line":43,"column":32}},"26":{"start":{"line":59,"column":11},"end":{"line":59,"column":35}},"27":{"start":{"line":67,"column":11},"end":{"line":67,"column":36}},"28":{"start":{"line":75,"column":20},"end":{"line":75,"column":59}},"29":{"start":{"line":76,"column":20},"end":{"line":76,"column":57}},"30":{"start":{"line":77,"column":20},"end":{"line":77,"column":56}},"31":{"start":{"line":78,"column":11},"end":{"line":78,"column":33}},"32":{"start":{"line":80,"column":11},"end":{"line":80,"column":43}},"33":{"start":{"line":86,"column":11},"end":{"line":86,"column":48}},"34":{"start":{"line":102,"column":2},"end":{"line":102,"column":93}},"35":{"start":{"line":103,"column":2},"end":{"line":103,"column":60}},"36":{"start":{"line":104,"column":2},"end":{"line":104,"column":41}},"37":{"start":{"line":105,"column":2},"end":{"line":105,"column":33}},"38":{"start":{"line":106,"column":2},"end":{"line":106,"column":31}},"39":{"start":{"line":107,"column":2},"end":{"line":107,"column":39}},"40":{"start":{"line":108,"column":2},"end":{"line":113,"column":5}},"41":{"start":{"line":109,"column":3},"end":{"line":109,"column":74}},"42":{"start":{"line":110,"column":3},"end":{"line":110,"column":70}},"43":{"start":{"line":111,"column":3},"end":{"line":111,"column":67}},"44":{"start":{"line":112,"column":4},"end":{"line":112,"column":50}},"45":{"start":{"line":114,"column":2},"end":{"line":114,"column":55}},"46":{"start":{"line":115,"column":2},"end":{"line":115,"column":90}},"47":{"start":{"line":116,"column":2},"end":{"line":116,"column":92}},"48":{"start":{"line":117,"column":2},"end":{"line":117,"column":98}},"49":{"start":{"line":118,"column":2},"end":{"line":118,"column":92}},"50":{"start":{"line":119,"column":2},"end":{"line":119,"column":296}},"51":{"start":{"line":120,"column":2},"end":{"line":120,"column":43}},"52":{"start":{"line":121,"column":2},"end":{"line":126,"column":5}},"53":{"start":{"line":122,"column":4},"end":{"line":122,"column":70}},"54":{"start":{"line":123,"column":4},"end":{"line":123,"column":98}},"55":{"start":{"line":124,"column":4},"end":{"line":124,"column":71}},"56":{"start":{"line":125,"column":4},"end":{"line":125,"column":41}},"57":{"start":{"line":128,"column":2},"end":{"line":128,"column":14}},"58":{"start":{"line":134,"column":2},"end":{"line":134,"column":15}},"59":{"start":{"line":135,"column":2},"end":{"line":137,"column":19}},"60":{"start":{"line":136,"column":3},"end":{"line":136,"column":15}},"61":{"start":{"line":143,"column":2},"end":{"line":143,"column":38}},"62":{"start":{"line":144,"column":2},"end":{"line":144,"column":21}},"63":{"start":{"line":150,"column":38},"end":{"line":156,"column":3}},"64":{"start":{"line":152,"column":3},"end":{"line":154,"column":54}},"65":{"start":{"line":153,"column":4},"end":{"line":153,"column":67}},"66":{"start":{"line":155,"column":3},"end":{"line":155,"column":19}},"67":{"start":{"line":158,"column":2},"end":{"line":160,"column":null}},"68":{"start":{"line":159,"column":3},"end":{"line":159,"column":15}},"69":{"start":{"line":161,"column":2},"end":{"line":165,"column":null}},"70":{"start":{"line":162,"column":3},"end":{"line":162,"column":211}},"71":{"start":{"line":163,"column":9},"end":{"line":165,"column":null}},"72":{"start":{"line":164,"column":3},"end":{"line":164,"column":36}},"73":{"start":{"line":167,"column":2},"end":{"line":176,"column":5}},"74":{"start":{"line":168,"column":4},"end":{"line":168,"column":98}},"75":{"start":{"line":169,"column":3},"end":{"line":175,"column":null}},"76":{"start":{"line":170,"column":5},"end":{"line":170,"column":116}},"77":{"start":{"line":171,"column":5},"end":{"line":171,"column":71}},"78":{"start":{"line":173,"column":5},"end":{"line":173,"column":88}},"79":{"start":{"line":174,"column":5},"end":{"line":174,"column":71}},"80":{"start":{"line":177,"column":2},"end":{"line":177,"column":45}},"81":{"start":{"line":183,"column":2},"end":{"line":183,"column":15}},"82":{"start":{"line":184,"column":2},"end":{"line":191,"column":5}},"83":{"start":{"line":186,"column":4},"end":{"line":186,"column":70}},"84":{"start":{"line":187,"column":4},"end":{"line":187,"column":73}},"85":{"start":{"line":188,"column":4},"end":{"line":188,"column":73}},"86":{"start":{"line":189,"column":4},"end":{"line":189,"column":69}},"87":{"start":{"line":190,"column":4},"end":{"line":190,"column":66}},"88":{"start":{"line":192,"column":2},"end":{"line":192,"column":30}},"89":{"start":{"line":199,"column":2},"end":{"line":199,"column":45}},"90":{"start":{"line":6,"column":0},"end":{"line":6,"column":13}}},"fnMap":{"0":{"name":"(anonymous_0)","decl":{"start":{"line":8,"column":1},"end":{"line":8,"column":12}},"loc":{"start":{"line":8,"column":23},"end":{"line":10,"column":2}}},"1":{"name":"(anonymous_1)","decl":{"start":{"line":13,"column":1},"end":{"line":13,"column":12}},"loc":{"start":{"line":13,"column":17},"end":{"line":15,"column":2}}},"2":{"name":"(anonymous_2)","decl":{"start":{"line":18,"column":1},"end":{"line":18,"column":12}},"loc":{"start":{"line":18,"column":23},"end":{"line":20,"column":2}}},"3":{"name":"(anonymous_3)","decl":{"start":{"line":21,"column":1},"end":{"line":21,"column":12}},"loc":{"start":{"line":21,"column":51},"end":{"line":41,"column":2}}},"4":{"name":"(anonymous_4)","decl":{"start":{"line":24,"column":15},"end":{"line":24,"column":16}},"loc":{"start":{"line":24,"column":21},"end":{"line":26,"column":4}}},"5":{"name":"(anonymous_5)","decl":{"start":{"line":30,"column":52},"end":{"line":30,"column":53}},"loc":{"start":{"line":30,"column":59},"end":{"line":30,"column":107}}},"6":{"name":"(anonymous_6)","decl":{"start":{"line":44,"column":1},"end":{"line":44,"column":12}},"loc":{"start":{"line":44,"column":19},"end":{"line":46,"column":2}}},"7":{"name":"(anonymous_7)","decl":{"start":{"line":47,"column":1},"end":{"line":47,"column":12}},"loc":{"start":{"line":47,"column":45},"end":{"line":57,"column":2}}},"8":{"name":"(anonymous_8)","decl":{"start":{"line":60,"column":1},"end":{"line":60,"column":12}},"loc":{"start":{"line":60,"column":18},"end":{"line":62,"column":2}}},"9":{"name":"(anonymous_9)","decl":{"start":{"line":63,"column":1},"end":{"line":63,"column":12}},"loc":{"start":{"line":63,"column":45},"end":{"line":65,"column":2}}},"10":{"name":"(anonymous_10)","decl":{"start":{"line":68,"column":1},"end":{"line":68,"column":12}},"loc":{"start":{"line":68,"column":22},"end":{"line":70,"column":2}}},"11":{"name":"(anonymous_11)","decl":{"start":{"line":71,"column":1},"end":{"line":71,"column":12}},"loc":{"start":{"line":71,"column":48},"end":{"line":73,"column":2}}},"12":{"name":"(anonymous_12)","decl":{"start":{"line":91,"column":1},"end":{"line":91,"column":12}},"loc":{"start":{"line":91,"column":34},"end":{"line":93,"column":2}}},"13":{"name":"(anonymous_13)","decl":{"start":{"line":101,"column":1},"end":{"line":101,"column":13}},"loc":{"start":{"line":101,"column":132},"end":{"line":129,"column":2}}},"14":{"name":"(anonymous_14)","decl":{"start":{"line":108,"column":21},"end":{"line":108,"column":22}},"loc":{"start":{"line":108,"column":27},"end":{"line":113,"column":3}}},"15":{"name":"(anonymous_15)","decl":{"start":{"line":121,"column":21},"end":{"line":121,"column":22}},"loc":{"start":{"line":121,"column":27},"end":{"line":126,"column":3}}},"16":{"name":"(anonymous_16)","decl":{"start":{"line":133,"column":1},"end":{"line":133,"column":5}},"loc":{"start":{"line":133,"column":5},"end":{"line":138,"column":2}}},"17":{"name":"(anonymous_17)","decl":{"start":{"line":135,"column":37},"end":{"line":135,"column":40}},"loc":{"start":{"line":135,"column":42},"end":{"line":137,"column":3}}},"18":{"name":"(anonymous_18)","decl":{"start":{"line":142,"column":1},"end":{"line":142,"column":6}},"loc":{"start":{"line":142,"column":6},"end":{"line":145,"column":2}}},"19":{"name":"(anonymous_19)","decl":{"start":{"line":149,"column":1},"end":{"line":149,"column":5}},"loc":{"start":{"line":149,"column":5},"end":{"line":178,"column":2}}},"20":{"name":"(anonymous_20)","decl":{"start":{"line":150,"column":38},"end":{"line":150,"column":49}},"loc":{"start":{"line":150,"column":51},"end":{"line":156,"column":3}}},"21":{"name":"(anonymous_21)","decl":{"start":{"line":167,"column":21},"end":{"line":167,"column":22}},"loc":{"start":{"line":167,"column":27},"end":{"line":176,"column":3}}},"22":{"name":"(anonymous_22)","decl":{"start":{"line":182,"column":1},"end":{"line":182,"column":7}},"loc":{"start":{"line":182,"column":7},"end":{"line":193,"column":2}}},"23":{"name":"(anonymous_23)","decl":{"start":{"line":184,"column":21},"end":{"line":184,"column":22}},"loc":{"start":{"line":184,"column":30},"end":{"line":191,"column":3}}},"24":{"name":"(anonymous_24)","decl":{"start":{"line":198,"column":1},"end":{"line":198,"column":10}},"loc":{"start":{"line":198,"column":10},"end":{"line":200,"column":2}}}},"branchMap":{"0":{"loc":{"start":{"line":22,"column":2},"end":{"line":40,"column":null}},"type":"if","locations":[{"start":{"line":22,"column":2},"end":{"line":40,"column":null}},{"start":{"line":29,"column":9},"end":{"line":40,"column":null}}]},"1":{"loc":{"start":{"line":23,"column":3},"end":{"line":26,"column":5}},"type":"binary-expr","locations":[{"start":{"line":23,"column":3},"end":{"line":23,"column":23}},{"start":{"line":24,"column":3},"end":{"line":26,"column":5}}]},"2":{"loc":{"start":{"line":32,"column":21},"end":{"line":32,"column":159}},"type":"cond-expr","locations":[{"start":{"line":32,"column":46},"end":{"line":32,"column":54}},{"start":{"line":32,"column":57},"end":{"line":32,"column":159}}]},"3":{"loc":{"start":{"line":48,"column":2},"end":{"line":52,"column":null}},"type":"if","locations":[{"start":{"line":48,"column":2},"end":{"line":52,"column":null}},{"start":{"line":50,"column":9},"end":{"line":52,"column":null}}]},"4":{"loc":{"start":{"line":48,"column":6},"end":{"line":48,"column":24}},"type":"binary-expr","locations":[{"start":{"line":48,"column":6},"end":{"line":48,"column":11}},{"start":{"line":48,"column":15},"end":{"line":48,"column":24}}]},"5":{"loc":{"start":{"line":53,"column":2},"end":{"line":56,"column":null}},"type":"if","locations":[{"start":{"line":53,"column":2},"end":{"line":56,"column":null}}]},"6":{"loc":{"start":{"line":64,"column":17},"end":{"line":64,"column":58}},"type":"cond-expr","locations":[{"start":{"line":64,"column":46},"end":{"line":64,"column":50}},{"start":{"line":64,"column":53},"end":{"line":64,"column":58}}]},"7":{"loc":{"start":{"line":72,"column":21},"end":{"line":72,"column":65}},"type":"cond-expr","locations":[{"start":{"line":72,"column":49},"end":{"line":72,"column":57}},{"start":{"line":72,"column":60},"end":{"line":72,"column":65}}]},"8":{"loc":{"start":{"line":101,"column":13},"end":{"line":101,"column":132}},"type":"default-arg","locations":[{"start":{"line":101,"column":130},"end":{"line":101,"column":132}}]},"9":{"loc":{"start":{"line":102,"column":22},"end":{"line":102,"column":92}},"type":"cond-expr","locations":[{"start":{"line":102,"column":64},"end":{"line":102,"column":70}},{"start":{"line":102,"column":73},"end":{"line":102,"column":92}}]},"10":{"loc":{"start":{"line":158,"column":2},"end":{"line":160,"column":null}},"type":"if","locations":[{"start":{"line":158,"column":2},"end":{"line":160,"column":null}}]},"11":{"loc":{"start":{"line":161,"column":2},"end":{"line":165,"column":null}},"type":"if","locations":[{"start":{"line":161,"column":2},"end":{"line":165,"column":null}},{"start":{"line":163,"column":9},"end":{"line":165,"column":null}}]},"12":{"loc":{"start":{"line":162,"column":34},"end":{"line":162,"column":210}},"type":"cond-expr","locations":[{"start":{"line":162,"column":48},"end":{"line":162,"column":77}},{"start":{"line":162,"column":80},"end":{"line":162,"column":210}}]},"13":{"loc":{"start":{"line":162,"column":80},"end":{"line":162,"column":210}},"type":"cond-expr","locations":[{"start":{"line":162,"column":143},"end":{"line":162,"column":175}},{"start":{"line":162,"column":179},"end":{"line":162,"column":210}}]},"14":{"loc":{"start":{"line":163,"column":9},"end":{"line":165,"column":null}},"type":"if","locations":[{"start":{"line":163,"column":9},"end":{"line":165,"column":null}}]},"15":{"loc":{"start":{"line":169,"column":3},"end":{"line":175,"column":null}},"type":"if","locations":[{"start":{"line":169,"column":3},"end":{"line":175,"column":null}},{"start":{"line":172,"column":10},"end":{"line":175,"column":null}}]},"16":{"loc":{"start":{"line":199,"column":9},"end":{"line":199,"column":44}},"type":"cond-expr","locations":[{"start":{"line":199,"column":32},"end":{"line":199,"column":36}},{"start":{"line":199,"column":39},"end":{"line":199,"column":44}}]}},"s":{"0":2,"1":374,"2":322,"3":429,"4":65,"5":6,"6":4,"7":61,"8":0,"9":61,"10":61,"11":168,"12":64,"13":1,"14":63,"15":64,"16":2,"17":2,"18":103,"19":65,"20":180,"21":64,"22":456,"23":62,"24":62,"25":62,"26":62,"27":62,"28":62,"29":62,"30":62,"31":62,"32":62,"33":62,"34":62,"35":62,"36":62,"37":62,"38":62,"39":62,"40":62,"41":66,"42":66,"43":66,"44":66,"45":62,"46":62,"47":62,"48":62,"49":62,"50":62,"51":62,"52":62,"53":66,"54":66,"55":66,"56":66,"57":62,"58":162,"59":162,"60":1,"61":227,"62":227,"63":103,"64":96,"65":209,"66":96,"67":103,"68":95,"69":103,"70":99,"71":4,"72":2,"73":103,"74":103,"75":103,"76":54,"77":54,"78":49,"79":49,"80":103,"81":57,"82":57,"83":61,"84":61,"85":61,"86":61,"87":61,"88":57,"89":3,"90":2},"f":{"0":374,"1":322,"2":429,"3":65,"4":6,"5":0,"6":168,"7":64,"8":103,"9":65,"10":180,"11":64,"12":456,"13":62,"14":66,"15":66,"16":162,"17":1,"18":227,"19":103,"20":96,"21":103,"22":57,"23":61,"24":3},"b":{"0":[4,61],"1":[65,5],"2":[61,0],"3":[1,63],"4":[64,1],"5":[2],"6":[62,3],"7":[63,1],"8":[55],"9":[61,1],"10":[95],"11":[99,4],"12":[96,3],"13":[1,2],"14":[2],"15":[54,49],"16":[2,1]}}
,"C:\\Users\\isaac\\brandojs\\src\\index.ts": {"path":"C:\\Users\\isaac\\brandojs\\src\\index.ts","statementMap":{"0":{"start":{"line":1,"column":0},"end":{"line":1,"column":34}},"1":{"start":{"line":30,"column":1},"end":{"line":30,"column":28}},"2":{"start":{"line":29,"column":0},"end":{"line":29,"column":16}}},"fnMap":{"0":{"name":"create","decl":{"start":{"line":29,"column":16},"end":{"line":29,"column":22}},"loc":{"start":{"line":29,"column":138},"end":{"line":31,"column":1}}}},"branchMap":{},"s":{"0":1,"1":4,"2":1},"f":{"0":4},"b":{}}
}
