TN:
SF:src\bRando.ts
FN:8,(anonymous_0)
FN:13,(anonymous_1)
FN:18,(anonymous_2)
FN:21,(anonymous_3)
FN:24,(anonymous_4)
FN:30,(anonymous_5)
FN:44,(anonymous_6)
FN:47,(anonymous_7)
FN:60,(anonymous_8)
FN:63,(anonymous_9)
FN:68,(anonymous_10)
FN:71,(anonymous_11)
FN:91,(anonymous_12)
FN:101,(anonymous_13)
FN:108,(anonymous_14)
FN:121,(anonymous_15)
FN:133,(anonymous_16)
FN:135,(anonymous_17)
FN:142,(anonymous_18)
FN:149,(anonymous_19)
FN:150,(anonymous_20)
FN:167,(anonymous_21)
FN:182,(anonymous_22)
FN:184,(anonymous_23)
FN:198,(anonymous_24)
FNF:25
FNH:24
FNDA:374,(anonymous_0)
FNDA:322,(anonymous_1)
FNDA:429,(anonymous_2)
FNDA:65,(anonymous_3)
FNDA:6,(anonymous_4)
FNDA:0,(anonymous_5)
FNDA:168,(anonymous_6)
FNDA:64,(anonymous_7)
FNDA:103,(anonymous_8)
FNDA:65,(anonymous_9)
FNDA:180,(anonymous_10)
FNDA:64,(anonymous_11)
FNDA:456,(anonymous_12)
FNDA:62,(anonymous_13)
FNDA:66,(anonymous_14)
FNDA:66,(anonymous_15)
FNDA:162,(anonymous_16)
FNDA:1,(anonymous_17)
FNDA:227,(anonymous_18)
FNDA:103,(anonymous_19)
FNDA:96,(anonymous_20)
FNDA:103,(anonymous_21)
FNDA:57,(anonymous_22)
FNDA:61,(anonymous_23)
FNDA:3,(anonymous_24)
DA:1,2
DA:6,2
DA:7,62
DA:9,374
DA:14,322
DA:17,62
DA:19,429
DA:22,65
DA:25,6
DA:28,4
DA:30,61
DA:32,61
DA:36,61
DA:43,62
DA:45,168
DA:48,64
DA:49,1
DA:51,63
DA:53,64
DA:54,2
DA:55,2
DA:59,62
DA:61,103
DA:64,65
DA:67,62
DA:69,180
DA:72,64
DA:75,62
DA:76,62
DA:77,62
DA:78,62
DA:80,62
DA:86,62
DA:92,456
DA:102,62
DA:103,62
DA:104,62
DA:105,62
DA:106,62
DA:107,62
DA:108,62
DA:109,66
DA:110,66
DA:111,66
DA:112,66
DA:114,62
DA:115,62
DA:116,62
DA:117,62
DA:118,62
DA:119,62
DA:120,62
DA:121,62
DA:122,66
DA:123,66
DA:124,66
DA:125,66
DA:128,62
DA:134,162
DA:135,162
DA:136,1
DA:143,227
DA:144,227
DA:150,103
DA:152,96
DA:153,209
DA:155,96
DA:158,103
DA:159,95
DA:161,103
DA:162,99
DA:163,4
DA:164,2
DA:167,103
DA:168,103
DA:169,103
DA:170,54
DA:171,54
DA:173,49
DA:174,49
DA:177,103
DA:183,57
DA:184,57
DA:186,61
DA:187,61
DA:188,61
DA:189,61
DA:190,61
DA:192,57
DA:199,3
LF:90
LH:90
BRDA:22,0,0,4
BRDA:22,0,1,61
BRDA:23,1,0,65
BRDA:23,1,1,5
BRDA:32,2,0,61
BRDA:32,2,1,0
BRDA:48,3,0,1
BRDA:48,3,1,63
BRDA:48,4,0,64
BRDA:48,4,1,1
BRDA:53,5,0,2
BRDA:64,6,0,62
BRDA:64,6,1,3
BRDA:72,7,0,63
BRDA:72,7,1,1
BRDA:101,8,0,55
BRDA:102,9,0,61
BRDA:102,9,1,1
BRDA:158,10,0,95
BRDA:161,11,0,99
BRDA:161,11,1,4
BRDA:162,12,0,96
BRDA:162,12,1,3
BRDA:162,13,0,1
BRDA:162,13,1,2
BRDA:163,14,0,2
BRDA:169,15,0,54
BRDA:169,15,1,49
BRDA:199,16,0,2
BRDA:199,16,1,1
BRF:30
BRH:29
end_of_record
TN:
SF:src\index.ts
FN:29,create
FNF:1
FNH:1
FNDA:4,create
DA:1,1
DA:29,1
DA:30,4
LF:3
LH:3
BRF:0
BRH:0
end_of_record
