<?xml version="1.0" encoding="UTF-8"?>
<coverage generated="1672226431470" clover="3.2.0">
  <project timestamp="1672226431470" name="All files">
    <metrics statements="87" coveredstatements="84" conditionals="26" coveredconditionals="21" methods="24" coveredmethods="23" elements="137" coveredelements="128" complexity="0" loc="87" ncloc="87" packages="1" files="2" classes="2"/>
    <file name="bRando.ts" path="C:\Users\isaac\brandojs\src\bRando.ts">
      <metrics statements="84" coveredstatements="81" conditionals="25" coveredconditionals="20" methods="23" coveredmethods="22"/>
      <line num="1" count="2" type="stmt"/>
      <line num="2" count="46" type="stmt"/>
      <line num="4" count="278" type="stmt"/>
      <line num="9" count="194" type="stmt"/>
      <line num="12" count="46" type="stmt"/>
      <line num="14" count="163" type="stmt"/>
      <line num="17" count="49" type="cond" truecount="2" falsecount="0"/>
      <line num="20" count="4" type="stmt"/>
      <line num="23" count="1" type="stmt"/>
      <line num="27" count="48" type="stmt"/>
      <line num="38" count="46" type="stmt"/>
      <line num="40" count="55" type="stmt"/>
      <line num="43" count="48" type="cond" truecount="4" falsecount="0"/>
      <line num="44" count="1" type="stmt"/>
      <line num="46" count="47" type="stmt"/>
      <line num="48" count="48" type="cond" truecount="1" falsecount="0"/>
      <line num="49" count="2" type="stmt"/>
      <line num="50" count="2" type="stmt"/>
      <line num="54" count="46" type="stmt"/>
      <line num="56" count="55" type="stmt"/>
      <line num="59" count="48" type="cond" truecount="2" falsecount="0"/>
      <line num="62" count="46" type="stmt"/>
      <line num="64" count="114" type="stmt"/>
      <line num="67" count="48" type="cond" truecount="2" falsecount="0"/>
      <line num="70" count="46" type="stmt"/>
      <line num="71" count="46" type="stmt"/>
      <line num="72" count="46" type="stmt"/>
      <line num="73" count="46" type="stmt"/>
      <line num="75" count="46" type="stmt"/>
      <line num="81" count="46" type="stmt"/>
      <line num="83" count="108" type="stmt"/>
      <line num="87" count="46" type="cond" truecount="2" falsecount="0"/>
      <line num="88" count="46" type="stmt"/>
      <line num="89" count="46" type="stmt"/>
      <line num="90" count="46" type="stmt"/>
      <line num="91" count="46" type="stmt"/>
      <line num="92" count="46" type="stmt"/>
      <line num="93" count="46" type="stmt"/>
      <line num="94" count="50" type="stmt"/>
      <line num="95" count="50" type="stmt"/>
      <line num="96" count="50" type="stmt"/>
      <line num="97" count="50" type="stmt"/>
      <line num="99" count="46" type="stmt"/>
      <line num="100" count="46" type="stmt"/>
      <line num="101" count="46" type="stmt"/>
      <line num="102" count="46" type="stmt"/>
      <line num="103" count="46" type="stmt"/>
      <line num="104" count="46" type="stmt"/>
      <line num="105" count="46" type="stmt"/>
      <line num="106" count="46" type="stmt"/>
      <line num="107" count="50" type="stmt"/>
      <line num="108" count="50" type="stmt"/>
      <line num="109" count="50" type="stmt"/>
      <line num="110" count="50" type="stmt"/>
      <line num="113" count="46" type="stmt"/>
      <line num="117" count="50" type="stmt"/>
      <line num="118" count="50" type="stmt"/>
      <line num="119" count="0" type="stmt"/>
      <line num="123" count="48" type="stmt"/>
      <line num="124" count="48" type="stmt"/>
      <line num="127" count="51" type="stmt"/>
      <line num="129" count="51" type="stmt"/>
      <line num="130" count="51" type="stmt"/>
      <line num="132" count="51" type="stmt"/>
      <line num="134" count="51" type="cond" truecount="1" falsecount="1"/>
      <line num="135" count="51" type="cond" truecount="1" falsecount="3"/>
      <line num="136" count="0" type="cond" truecount="0" falsecount="1"/>
      <line num="137" count="0" type="stmt"/>
      <line num="140" count="51" type="stmt"/>
      <line num="141" count="55" type="stmt"/>
      <line num="142" count="55" type="cond" truecount="2" falsecount="0"/>
      <line num="143" count="51" type="stmt"/>
      <line num="144" count="51" type="stmt"/>
      <line num="146" count="4" type="stmt"/>
      <line num="147" count="4" type="stmt"/>
      <line num="150" count="51" type="stmt"/>
      <line num="153" count="45" type="stmt"/>
      <line num="154" count="45" type="stmt"/>
      <line num="156" count="49" type="stmt"/>
      <line num="157" count="49" type="stmt"/>
      <line num="158" count="49" type="stmt"/>
      <line num="159" count="49" type="stmt"/>
      <line num="160" count="49" type="stmt"/>
      <line num="162" count="45" type="stmt"/>
    </file>
    <file name="index.ts" path="C:\Users\isaac\brandojs\src\index.ts">
      <metrics statements="3" coveredstatements="3" conditionals="1" coveredconditionals="1" methods="1" coveredmethods="1"/>
      <line num="1" count="1" type="stmt"/>
      <line num="3" count="1" type="cond" truecount="1" falsecount="0"/>
      <line num="4" count="4" type="stmt"/>
    </file>
  </project>
</coverage>
