<?xml version="1.0" encoding="UTF-8"?>
<coverage generated="1672273630271" clover="3.2.0">
  <project timestamp="1672273630271" name="All files">
    <metrics statements="90" coveredstatements="89" conditionals="29" coveredconditionals="26" methods="25" coveredmethods="24" elements="144" coveredelements="139" complexity="0" loc="90" ncloc="90" packages="1" files="2" classes="2"/>
    <file name="bRando.ts" path="C:\Users\isaac\brandojs\src\bRando.ts">
      <metrics statements="87" coveredstatements="86" conditionals="28" coveredconditionals="25" methods="24" coveredmethods="23"/>
      <line num="1" count="2" type="stmt"/>
      <line num="2" count="51" type="stmt"/>
      <line num="4" count="308" type="stmt"/>
      <line num="9" count="160" type="stmt"/>
      <line num="12" count="51" type="stmt"/>
      <line num="14" count="13" type="stmt"/>
      <line num="17" count="54" type="cond" truecount="2" falsecount="0"/>
      <line num="20" count="3" type="stmt"/>
      <line num="23" count="2" type="stmt"/>
      <line num="27" count="52" type="stmt"/>
      <line num="38" count="51" type="stmt"/>
      <line num="40" count="64" type="stmt"/>
      <line num="43" count="53" type="cond" truecount="4" falsecount="0"/>
      <line num="44" count="1" type="stmt"/>
      <line num="46" count="52" type="stmt"/>
      <line num="48" count="53" type="cond" truecount="1" falsecount="0"/>
      <line num="49" count="2" type="stmt"/>
      <line num="50" count="2" type="stmt"/>
      <line num="54" count="51" type="stmt"/>
      <line num="56" count="5" type="stmt"/>
      <line num="59" count="53" type="cond" truecount="2" falsecount="0"/>
      <line num="62" count="51" type="stmt"/>
      <line num="64" count="67" type="stmt"/>
      <line num="67" count="53" type="cond" truecount="2" falsecount="0"/>
      <line num="70" count="51" type="stmt"/>
      <line num="71" count="51" type="stmt"/>
      <line num="72" count="51" type="stmt"/>
      <line num="73" count="51" type="stmt"/>
      <line num="75" count="51" type="stmt"/>
      <line num="81" count="51" type="stmt"/>
      <line num="83" count="9" type="stmt"/>
      <line num="87" count="51" type="cond" truecount="2" falsecount="0"/>
      <line num="88" count="51" type="stmt"/>
      <line num="89" count="51" type="stmt"/>
      <line num="90" count="51" type="stmt"/>
      <line num="91" count="51" type="stmt"/>
      <line num="92" count="51" type="stmt"/>
      <line num="93" count="51" type="stmt"/>
      <line num="94" count="55" type="stmt"/>
      <line num="95" count="55" type="stmt"/>
      <line num="96" count="55" type="stmt"/>
      <line num="97" count="55" type="stmt"/>
      <line num="99" count="51" type="stmt"/>
      <line num="100" count="51" type="stmt"/>
      <line num="101" count="51" type="stmt"/>
      <line num="102" count="51" type="stmt"/>
      <line num="103" count="51" type="stmt"/>
      <line num="104" count="51" type="stmt"/>
      <line num="105" count="51" type="stmt"/>
      <line num="106" count="51" type="stmt"/>
      <line num="107" count="55" type="stmt"/>
      <line num="108" count="55" type="stmt"/>
      <line num="109" count="55" type="stmt"/>
      <line num="110" count="55" type="stmt"/>
      <line num="113" count="51" type="stmt"/>
      <line num="117" count="59" type="stmt"/>
      <line num="118" count="59" type="stmt"/>
      <line num="119" count="0" type="stmt"/>
      <line num="123" count="112" type="stmt"/>
      <line num="124" count="112" type="stmt"/>
      <line num="127" count="3" type="stmt"/>
      <line num="129" count="1" type="stmt"/>
      <line num="130" count="1" type="stmt"/>
      <line num="132" count="1" type="stmt"/>
      <line num="134" count="3" type="cond" truecount="1" falsecount="0"/>
      <line num="136" count="3" type="stmt"/>
      <line num="138" count="3" type="cond" truecount="2" falsecount="0"/>
      <line num="139" count="1" type="cond" truecount="1" falsecount="3"/>
      <line num="140" count="2" type="cond" truecount="1" falsecount="0"/>
      <line num="141" count="1" type="stmt"/>
      <line num="144" count="3" type="stmt"/>
      <line num="145" count="3" type="stmt"/>
      <line num="146" count="3" type="cond" truecount="2" falsecount="0"/>
      <line num="147" count="2" type="stmt"/>
      <line num="148" count="2" type="stmt"/>
      <line num="150" count="1" type="stmt"/>
      <line num="151" count="1" type="stmt"/>
      <line num="154" count="3" type="stmt"/>
      <line num="157" count="49" type="stmt"/>
      <line num="158" count="49" type="stmt"/>
      <line num="160" count="53" type="stmt"/>
      <line num="161" count="53" type="stmt"/>
      <line num="162" count="53" type="stmt"/>
      <line num="163" count="53" type="stmt"/>
      <line num="164" count="53" type="stmt"/>
      <line num="166" count="49" type="stmt"/>
      <line num="169" count="3" type="cond" truecount="2" falsecount="0"/>
    </file>
    <file name="index.ts" path="C:\Users\isaac\brandojs\src\index.ts">
      <metrics statements="3" coveredstatements="3" conditionals="1" coveredconditionals="1" methods="1" coveredmethods="1"/>
      <line num="1" count="1" type="stmt"/>
      <line num="3" count="1" type="cond" truecount="1" falsecount="0"/>
      <line num="4" count="4" type="stmt"/>
    </file>
  </project>
</coverage>
