{"C:\\Users\\isaac\\brandojs\\src\\bRando.ts": {"path":"C:\\Users\\isaac\\brandojs\\src\\bRando.ts","statementMap":{"0":{"start":{"line":4,"column":2},"end":{"line":4,"column":27}},"1":{"start":{"line":9,"column":2},"end":{"line":9,"column":21}},"2":{"start":{"line":14,"column":2},"end":{"line":14,"column":27}},"3":{"start":{"line":17,"column":2},"end":{"line":35,"column":null}},"4":{"start":{"line":20,"column":4},"end":{"line":20,"column":33}},"5":{"start":{"line":23,"column":3},"end":{"line":23,"column":29}},"6":{"start":{"line":27,"column":3},"end":{"line":34,"column":5}},"7":{"start":{"line":40,"column":2},"end":{"line":40,"column":23}},"8":{"start":{"line":43,"column":2},"end":{"line":47,"column":null}},"9":{"start":{"line":44,"column":3},"end":{"line":44,"column":25}},"10":{"start":{"line":46,"column":3},"end":{"line":46,"column":24}},"11":{"start":{"line":48,"column":2},"end":{"line":51,"column":null}},"12":{"start":{"line":49,"column":3},"end":{"line":49,"column":16}},"13":{"start":{"line":50,"column":3},"end":{"line":50,"column":15}},"14":{"start":{"line":56,"column":2},"end":{"line":56,"column":22}},"15":{"start":{"line":59,"column":2},"end":{"line":59,"column":59}},"16":{"start":{"line":64,"column":2},"end":{"line":64,"column":26}},"17":{"start":{"line":67,"column":2},"end":{"line":67,"column":66}},"18":{"start":{"line":83,"column":2},"end":{"line":83,"column":30}},"19":{"start":{"line":2,"column":20},"end":{"line":2,"column":46}},"20":{"start":{"line":12,"column":11},"end":{"line":12,"column":39}},"21":{"start":{"line":38,"column":11},"end":{"line":38,"column":32}},"22":{"start":{"line":54,"column":11},"end":{"line":54,"column":35}},"23":{"start":{"line":62,"column":11},"end":{"line":62,"column":36}},"24":{"start":{"line":70,"column":20},"end":{"line":70,"column":59}},"25":{"start":{"line":71,"column":20},"end":{"line":71,"column":57}},"26":{"start":{"line":72,"column":20},"end":{"line":72,"column":56}},"27":{"start":{"line":73,"column":11},"end":{"line":73,"column":33}},"28":{"start":{"line":75,"column":11},"end":{"line":75,"column":43}},"29":{"start":{"line":81,"column":11},"end":{"line":81,"column":40}},"30":{"start":{"line":87,"column":2},"end":{"line":87,"column":93}},"31":{"start":{"line":88,"column":2},"end":{"line":88,"column":60}},"32":{"start":{"line":89,"column":2},"end":{"line":89,"column":41}},"33":{"start":{"line":90,"column":2},"end":{"line":90,"column":33}},"34":{"start":{"line":91,"column":2},"end":{"line":91,"column":31}},"35":{"start":{"line":92,"column":2},"end":{"line":92,"column":39}},"36":{"start":{"line":93,"column":2},"end":{"line":98,"column":5}},"37":{"start":{"line":94,"column":3},"end":{"line":94,"column":74}},"38":{"start":{"line":95,"column":3},"end":{"line":95,"column":70}},"39":{"start":{"line":96,"column":3},"end":{"line":96,"column":67}},"40":{"start":{"line":97,"column":4},"end":{"line":97,"column":50}},"41":{"start":{"line":99,"column":2},"end":{"line":99,"column":55}},"42":{"start":{"line":100,"column":2},"end":{"line":100,"column":90}},"43":{"start":{"line":101,"column":2},"end":{"line":101,"column":92}},"44":{"start":{"line":102,"column":2},"end":{"line":102,"column":98}},"45":{"start":{"line":103,"column":2},"end":{"line":103,"column":92}},"46":{"start":{"line":104,"column":2},"end":{"line":104,"column":296}},"47":{"start":{"line":105,"column":2},"end":{"line":105,"column":43}},"48":{"start":{"line":106,"column":2},"end":{"line":111,"column":5}},"49":{"start":{"line":107,"column":4},"end":{"line":107,"column":70}},"50":{"start":{"line":108,"column":4},"end":{"line":108,"column":98}},"51":{"start":{"line":109,"column":4},"end":{"line":109,"column":71}},"52":{"start":{"line":110,"column":4},"end":{"line":110,"column":41}},"53":{"start":{"line":113,"column":2},"end":{"line":113,"column":14}},"54":{"start":{"line":117,"column":2},"end":{"line":117,"column":15}},"55":{"start":{"line":118,"column":2},"end":{"line":120,"column":19}},"56":{"start":{"line":119,"column":3},"end":{"line":119,"column":15}},"57":{"start":{"line":123,"column":2},"end":{"line":123,"column":38}},"58":{"start":{"line":124,"column":2},"end":{"line":124,"column":21}},"59":{"start":{"line":127,"column":38},"end":{"line":133,"column":3}},"60":{"start":{"line":129,"column":3},"end":{"line":131,"column":46}},"61":{"start":{"line":130,"column":4},"end":{"line":130,"column":67}},"62":{"start":{"line":132,"column":3},"end":{"line":132,"column":19}},"63":{"start":{"line":134,"column":2},"end":{"line":137,"column":null}},"64":{"start":{"line":136,"column":3},"end":{"line":136,"column":15}},"65":{"start":{"line":138,"column":2},"end":{"line":142,"column":null}},"66":{"start":{"line":139,"column":3},"end":{"line":139,"column":179}},"67":{"start":{"line":140,"column":9},"end":{"line":142,"column":null}},"68":{"start":{"line":141,"column":3},"end":{"line":141,"column":28}},"69":{"start":{"line":144,"column":2},"end":{"line":153,"column":5}},"70":{"start":{"line":145,"column":4},"end":{"line":145,"column":98}},"71":{"start":{"line":146,"column":3},"end":{"line":152,"column":null}},"72":{"start":{"line":147,"column":5},"end":{"line":147,"column":108}},"73":{"start":{"line":148,"column":5},"end":{"line":148,"column":71}},"74":{"start":{"line":150,"column":5},"end":{"line":150,"column":80}},"75":{"start":{"line":151,"column":5},"end":{"line":151,"column":71}},"76":{"start":{"line":154,"column":2},"end":{"line":154,"column":45}},"77":{"start":{"line":157,"column":2},"end":{"line":157,"column":15}},"78":{"start":{"line":158,"column":2},"end":{"line":165,"column":5}},"79":{"start":{"line":160,"column":4},"end":{"line":160,"column":70}},"80":{"start":{"line":161,"column":4},"end":{"line":161,"column":73}},"81":{"start":{"line":162,"column":4},"end":{"line":162,"column":73}},"82":{"start":{"line":163,"column":4},"end":{"line":163,"column":69}},"83":{"start":{"line":164,"column":4},"end":{"line":164,"column":66}},"84":{"start":{"line":166,"column":2},"end":{"line":166,"column":30}},"85":{"start":{"line":169,"column":2},"end":{"line":169,"column":45}},"86":{"start":{"line":1,"column":0},"end":{"line":1,"column":21}}},"fnMap":{"0":{"name":"(anonymous_0)","decl":{"start":{"line":3,"column":1},"end":{"line":3,"column":12}},"loc":{"start":{"line":3,"column":23},"end":{"line":5,"column":2}}},"1":{"name":"(anonymous_1)","decl":{"start":{"line":8,"column":1},"end":{"line":8,"column":12}},"loc":{"start":{"line":8,"column":17},"end":{"line":10,"column":2}}},"2":{"name":"(anonymous_2)","decl":{"start":{"line":13,"column":1},"end":{"line":13,"column":12}},"loc":{"start":{"line":13,"column":23},"end":{"line":15,"column":2}}},"3":{"name":"(anonymous_3)","decl":{"start":{"line":16,"column":1},"end":{"line":16,"column":12}},"loc":{"start":{"line":16,"column":51},"end":{"line":36,"column":2}}},"4":{"name":"(anonymous_4)","decl":{"start":{"line":19,"column":15},"end":{"line":19,"column":16}},"loc":{"start":{"line":19,"column":21},"end":{"line":21,"column":4}}},"5":{"name":"(anonymous_5)","decl":{"start":{"line":39,"column":1},"end":{"line":39,"column":12}},"loc":{"start":{"line":39,"column":19},"end":{"line":41,"column":2}}},"6":{"name":"(anonymous_6)","decl":{"start":{"line":42,"column":1},"end":{"line":42,"column":12}},"loc":{"start":{"line":42,"column":45},"end":{"line":52,"column":2}}},"7":{"name":"(anonymous_7)","decl":{"start":{"line":55,"column":1},"end":{"line":55,"column":12}},"loc":{"start":{"line":55,"column":18},"end":{"line":57,"column":2}}},"8":{"name":"(anonymous_8)","decl":{"start":{"line":58,"column":1},"end":{"line":58,"column":12}},"loc":{"start":{"line":58,"column":45},"end":{"line":60,"column":2}}},"9":{"name":"(anonymous_9)","decl":{"start":{"line":63,"column":1},"end":{"line":63,"column":12}},"loc":{"start":{"line":63,"column":22},"end":{"line":65,"column":2}}},"10":{"name":"(anonymous_10)","decl":{"start":{"line":66,"column":1},"end":{"line":66,"column":12}},"loc":{"start":{"line":66,"column":48},"end":{"line":68,"column":2}}},"11":{"name":"(anonymous_11)","decl":{"start":{"line":82,"column":1},"end":{"line":82,"column":12}},"loc":{"start":{"line":82,"column":26},"end":{"line":84,"column":2}}},"12":{"name":"(anonymous_12)","decl":{"start":{"line":86,"column":1},"end":{"line":86,"column":13}},"loc":{"start":{"line":86,"column":132},"end":{"line":114,"column":2}}},"13":{"name":"(anonymous_13)","decl":{"start":{"line":93,"column":21},"end":{"line":93,"column":22}},"loc":{"start":{"line":93,"column":27},"end":{"line":98,"column":3}}},"14":{"name":"(anonymous_14)","decl":{"start":{"line":106,"column":21},"end":{"line":106,"column":22}},"loc":{"start":{"line":106,"column":27},"end":{"line":111,"column":3}}},"15":{"name":"(anonymous_15)","decl":{"start":{"line":116,"column":1},"end":{"line":116,"column":5}},"loc":{"start":{"line":116,"column":5},"end":{"line":121,"column":2}}},"16":{"name":"(anonymous_16)","decl":{"start":{"line":118,"column":37},"end":{"line":118,"column":40}},"loc":{"start":{"line":118,"column":42},"end":{"line":120,"column":3}}},"17":{"name":"(anonymous_17)","decl":{"start":{"line":122,"column":1},"end":{"line":122,"column":6}},"loc":{"start":{"line":122,"column":6},"end":{"line":125,"column":2}}},"18":{"name":"(anonymous_18)","decl":{"start":{"line":126,"column":1},"end":{"line":126,"column":5}},"loc":{"start":{"line":126,"column":5},"end":{"line":155,"column":2}}},"19":{"name":"(anonymous_19)","decl":{"start":{"line":127,"column":38},"end":{"line":127,"column":49}},"loc":{"start":{"line":127,"column":51},"end":{"line":133,"column":3}}},"20":{"name":"(anonymous_20)","decl":{"start":{"line":144,"column":21},"end":{"line":144,"column":22}},"loc":{"start":{"line":144,"column":27},"end":{"line":153,"column":3}}},"21":{"name":"(anonymous_21)","decl":{"start":{"line":156,"column":1},"end":{"line":156,"column":7}},"loc":{"start":{"line":156,"column":7},"end":{"line":167,"column":2}}},"22":{"name":"(anonymous_22)","decl":{"start":{"line":158,"column":21},"end":{"line":158,"column":22}},"loc":{"start":{"line":158,"column":30},"end":{"line":165,"column":3}}},"23":{"name":"(anonymous_23)","decl":{"start":{"line":168,"column":1},"end":{"line":168,"column":10}},"loc":{"start":{"line":168,"column":10},"end":{"line":170,"column":2}}}},"branchMap":{"0":{"loc":{"start":{"line":17,"column":2},"end":{"line":35,"column":null}},"type":"if","locations":[{"start":{"line":17,"column":2},"end":{"line":35,"column":null}},{"start":{"line":24,"column":9},"end":{"line":35,"column":null}}]},"1":{"loc":{"start":{"line":18,"column":3},"end":{"line":21,"column":5}},"type":"binary-expr","locations":[{"start":{"line":18,"column":3},"end":{"line":18,"column":23}},{"start":{"line":19,"column":3},"end":{"line":21,"column":5}}]},"2":{"loc":{"start":{"line":43,"column":2},"end":{"line":47,"column":null}},"type":"if","locations":[{"start":{"line":43,"column":2},"end":{"line":47,"column":null}},{"start":{"line":45,"column":9},"end":{"line":47,"column":null}}]},"3":{"loc":{"start":{"line":43,"column":6},"end":{"line":43,"column":24}},"type":"binary-expr","locations":[{"start":{"line":43,"column":6},"end":{"line":43,"column":11}},{"start":{"line":43,"column":15},"end":{"line":43,"column":24}}]},"4":{"loc":{"start":{"line":48,"column":2},"end":{"line":51,"column":null}},"type":"if","locations":[{"start":{"line":48,"column":2},"end":{"line":51,"column":null}}]},"5":{"loc":{"start":{"line":59,"column":17},"end":{"line":59,"column":58}},"type":"cond-expr","locations":[{"start":{"line":59,"column":46},"end":{"line":59,"column":50}},{"start":{"line":59,"column":53},"end":{"line":59,"column":58}}]},"6":{"loc":{"start":{"line":67,"column":21},"end":{"line":67,"column":65}},"type":"cond-expr","locations":[{"start":{"line":67,"column":49},"end":{"line":67,"column":57}},{"start":{"line":67,"column":60},"end":{"line":67,"column":65}}]},"7":{"loc":{"start":{"line":86,"column":13},"end":{"line":86,"column":132}},"type":"default-arg","locations":[{"start":{"line":86,"column":130},"end":{"line":86,"column":132}}]},"8":{"loc":{"start":{"line":87,"column":22},"end":{"line":87,"column":92}},"type":"cond-expr","locations":[{"start":{"line":87,"column":64},"end":{"line":87,"column":70}},{"start":{"line":87,"column":73},"end":{"line":87,"column":92}}]},"9":{"loc":{"start":{"line":134,"column":2},"end":{"line":137,"column":null}},"type":"if","locations":[{"start":{"line":134,"column":2},"end":{"line":137,"column":null}}]},"10":{"loc":{"start":{"line":138,"column":2},"end":{"line":142,"column":null}},"type":"if","locations":[{"start":{"line":138,"column":2},"end":{"line":142,"column":null}},{"start":{"line":140,"column":9},"end":{"line":142,"column":null}}]},"11":{"loc":{"start":{"line":139,"column":26},"end":{"line":139,"column":178}},"type":"cond-expr","locations":[{"start":{"line":139,"column":40},"end":{"line":139,"column":69}},{"start":{"line":139,"column":72},"end":{"line":139,"column":178}}]},"12":{"loc":{"start":{"line":139,"column":72},"end":{"line":139,"column":178}},"type":"cond-expr","locations":[{"start":{"line":139,"column":127},"end":{"line":139,"column":151}},{"start":{"line":139,"column":155},"end":{"line":139,"column":178}}]},"13":{"loc":{"start":{"line":140,"column":9},"end":{"line":142,"column":null}},"type":"if","locations":[{"start":{"line":140,"column":9},"end":{"line":142,"column":null}}]},"14":{"loc":{"start":{"line":146,"column":3},"end":{"line":152,"column":null}},"type":"if","locations":[{"start":{"line":146,"column":3},"end":{"line":152,"column":null}},{"start":{"line":149,"column":10},"end":{"line":152,"column":null}}]},"15":{"loc":{"start":{"line":169,"column":9},"end":{"line":169,"column":44}},"type":"cond-expr","locations":[{"start":{"line":169,"column":32},"end":{"line":169,"column":36}},{"start":{"line":169,"column":39},"end":{"line":169,"column":44}}]}},"s":{"0":308,"1":160,"2":13,"3":54,"4":3,"5":2,"6":52,"7":64,"8":53,"9":1,"10":52,"11":53,"12":2,"13":2,"14":5,"15":53,"16":67,"17":53,"18":9,"19":51,"20":51,"21":51,"22":51,"23":51,"24":51,"25":51,"26":51,"27":51,"28":51,"29":51,"30":51,"31":51,"32":51,"33":51,"34":51,"35":51,"36":51,"37":55,"38":55,"39":55,"40":55,"41":51,"42":51,"43":51,"44":51,"45":51,"46":51,"47":51,"48":51,"49":55,"50":55,"51":55,"52":55,"53":51,"54":59,"55":59,"56":0,"57":112,"58":112,"59":3,"60":1,"61":1,"62":1,"63":3,"64":3,"65":3,"66":1,"67":2,"68":1,"69":3,"70":3,"71":3,"72":2,"73":2,"74":1,"75":1,"76":3,"77":49,"78":49,"79":53,"80":53,"81":53,"82":53,"83":53,"84":49,"85":3,"86":2},"f":{"0":308,"1":160,"2":13,"3":54,"4":3,"5":64,"6":53,"7":5,"8":53,"9":67,"10":53,"11":9,"12":51,"13":55,"14":55,"15":59,"16":0,"17":112,"18":3,"19":1,"20":3,"21":49,"22":53,"23":3},"b":{"0":[2,52],"1":[54,3],"2":[1,52],"3":[53,1],"4":[2],"5":[51,2],"6":[52,1],"7":[45],"8":[50,1],"9":[3],"10":[1,2],"11":[1,0],"12":[0,0],"13":[1],"14":[2,1],"15":[2,1]}}
,"C:\\Users\\isaac\\brandojs\\src\\index.ts": {"path":"C:\\Users\\isaac\\brandojs\\src\\index.ts","statementMap":{"0":{"start":{"line":1,"column":0},"end":{"line":1,"column":30}},"1":{"start":{"line":4,"column":1},"end":{"line":4,"column":28}},"2":{"start":{"line":3,"column":0},"end":{"line":3,"column":16}}},"fnMap":{"0":{"name":"create","decl":{"start":{"line":3,"column":16},"end":{"line":3,"column":22}},"loc":{"start":{"line":3,"column":142},"end":{"line":5,"column":1}}}},"branchMap":{"0":{"loc":{"start":{"line":3,"column":23},"end":{"line":3,"column":142}},"type":"default-arg","locations":[{"start":{"line":3,"column":140},"end":{"line":3,"column":142}}]}},"s":{"0":1,"1":4,"2":1},"f":{"0":4},"b":{"0":[1]}}
}
