{"C:\\Users\\isaac\\brandojs\\src\\bRando.ts": {"path":"C:\\Users\\isaac\\brandojs\\src\\bRando.ts","statementMap":{"0":{"start":{"line":4,"column":2},"end":{"line":4,"column":27}},"1":{"start":{"line":7,"column":2},"end":{"line":7,"column":65}},"2":{"start":{"line":14,"column":2},"end":{"line":14,"column":27}},"3":{"start":{"line":17,"column":2},"end":{"line":35,"column":null}},"4":{"start":{"line":20,"column":4},"end":{"line":20,"column":33}},"5":{"start":{"line":23,"column":3},"end":{"line":23,"column":29}},"6":{"start":{"line":27,"column":3},"end":{"line":34,"column":5}},"7":{"start":{"line":40,"column":2},"end":{"line":40,"column":23}},"8":{"start":{"line":43,"column":2},"end":{"line":47,"column":null}},"9":{"start":{"line":44,"column":3},"end":{"line":44,"column":25}},"10":{"start":{"line":46,"column":3},"end":{"line":46,"column":25}},"11":{"start":{"line":48,"column":2},"end":{"line":51,"column":null}},"12":{"start":{"line":49,"column":3},"end":{"line":49,"column":16}},"13":{"start":{"line":50,"column":3},"end":{"line":50,"column":15}},"14":{"start":{"line":56,"column":2},"end":{"line":56,"column":22}},"15":{"start":{"line":59,"column":2},"end":{"line":59,"column":59}},"16":{"start":{"line":64,"column":2},"end":{"line":64,"column":29}},"17":{"start":{"line":67,"column":2},"end":{"line":67,"column":69}},"18":{"start":{"line":77,"column":2},"end":{"line":77,"column":29}},"19":{"start":{"line":80,"column":2},"end":{"line":80,"column":30}},"20":{"start":{"line":90,"column":2},"end":{"line":90,"column":30}},"21":{"start":{"line":93,"column":2},"end":{"line":93,"column":31}},"22":{"start":{"line":2,"column":9},"end":{"line":2,"column":35}},"23":{"start":{"line":12,"column":9},"end":{"line":12,"column":37}},"24":{"start":{"line":38,"column":9},"end":{"line":38,"column":30}},"25":{"start":{"line":54,"column":9},"end":{"line":54,"column":33}},"26":{"start":{"line":62,"column":9},"end":{"line":62,"column":37}},"27":{"start":{"line":70,"column":10},"end":{"line":70,"column":48}},"28":{"start":{"line":71,"column":10},"end":{"line":71,"column":46}},"29":{"start":{"line":72,"column":9},"end":{"line":72,"column":30}},"30":{"start":{"line":75,"column":9},"end":{"line":75,"column":41}},"31":{"start":{"line":88,"column":9},"end":{"line":88,"column":38}},"32":{"start":{"line":97,"column":2},"end":{"line":97,"column":41}},"33":{"start":{"line":98,"column":2},"end":{"line":98,"column":59}},"34":{"start":{"line":99,"column":2},"end":{"line":99,"column":44}},"35":{"start":{"line":100,"column":2},"end":{"line":100,"column":35}},"36":{"start":{"line":101,"column":2},"end":{"line":101,"column":36}},"37":{"start":{"line":102,"column":2},"end":{"line":102,"column":45}},"38":{"start":{"line":103,"column":2},"end":{"line":107,"column":5}},"39":{"start":{"line":104,"column":3},"end":{"line":104,"column":73}},"40":{"start":{"line":105,"column":3},"end":{"line":105,"column":69}},"41":{"start":{"line":106,"column":4},"end":{"line":106,"column":50}},"42":{"start":{"line":108,"column":2},"end":{"line":108,"column":54}},"43":{"start":{"line":109,"column":2},"end":{"line":109,"column":89}},"44":{"start":{"line":110,"column":2},"end":{"line":110,"column":91}},"45":{"start":{"line":111,"column":2},"end":{"line":111,"column":97}},"46":{"start":{"line":112,"column":2},"end":{"line":112,"column":91}},"47":{"start":{"line":113,"column":2},"end":{"line":113,"column":291}},"48":{"start":{"line":114,"column":2},"end":{"line":114,"column":42}},"49":{"start":{"line":115,"column":2},"end":{"line":120,"column":5}},"50":{"start":{"line":116,"column":4},"end":{"line":116,"column":69}},"51":{"start":{"line":117,"column":4},"end":{"line":117,"column":100}},"52":{"start":{"line":118,"column":4},"end":{"line":118,"column":70}},"53":{"start":{"line":119,"column":4},"end":{"line":119,"column":41}},"54":{"start":{"line":122,"column":2},"end":{"line":122,"column":14}},"55":{"start":{"line":126,"column":2},"end":{"line":126,"column":14}},"56":{"start":{"line":127,"column":2},"end":{"line":129,"column":19}},"57":{"start":{"line":128,"column":3},"end":{"line":128,"column":15}},"58":{"start":{"line":132,"column":2},"end":{"line":132,"column":30}},"59":{"start":{"line":135,"column":38},"end":{"line":141,"column":3}},"60":{"start":{"line":137,"column":3},"end":{"line":139,"column":46}},"61":{"start":{"line":138,"column":4},"end":{"line":138,"column":67}},"62":{"start":{"line":140,"column":3},"end":{"line":140,"column":19}},"63":{"start":{"line":142,"column":2},"end":{"line":142,"column":176}},"64":{"start":{"line":144,"column":2},"end":{"line":153,"column":5}},"65":{"start":{"line":145,"column":4},"end":{"line":145,"column":100}},"66":{"start":{"line":146,"column":3},"end":{"line":152,"column":null}},"67":{"start":{"line":147,"column":5},"end":{"line":147,"column":107}},"68":{"start":{"line":148,"column":5},"end":{"line":148,"column":70}},"69":{"start":{"line":150,"column":5},"end":{"line":150,"column":80}},"70":{"start":{"line":151,"column":5},"end":{"line":151,"column":70}},"71":{"start":{"line":154,"column":2},"end":{"line":154,"column":43}},"72":{"start":{"line":157,"column":2},"end":{"line":157,"column":15}},"73":{"start":{"line":158,"column":2},"end":{"line":164,"column":5}},"74":{"start":{"line":160,"column":4},"end":{"line":160,"column":69}},"75":{"start":{"line":161,"column":4},"end":{"line":161,"column":72}},"76":{"start":{"line":162,"column":4},"end":{"line":162,"column":72}},"77":{"start":{"line":163,"column":4},"end":{"line":163,"column":68}},"78":{"start":{"line":165,"column":2},"end":{"line":165,"column":29}},"79":{"start":{"line":1,"column":0},"end":{"line":1,"column":21}}},"fnMap":{"0":{"name":"(anonymous_0)","decl":{"start":{"line":3,"column":1},"end":{"line":3,"column":12}},"loc":{"start":{"line":3,"column":23},"end":{"line":5,"column":2}}},"1":{"name":"(anonymous_1)","decl":{"start":{"line":6,"column":1},"end":{"line":6,"column":13}},"loc":{"start":{"line":6,"column":50},"end":{"line":8,"column":2}}},"2":{"name":"(anonymous_2)","decl":{"start":{"line":13,"column":1},"end":{"line":13,"column":12}},"loc":{"start":{"line":13,"column":23},"end":{"line":15,"column":2}}},"3":{"name":"(anonymous_3)","decl":{"start":{"line":16,"column":1},"end":{"line":16,"column":12}},"loc":{"start":{"line":16,"column":51},"end":{"line":36,"column":2}}},"4":{"name":"(anonymous_4)","decl":{"start":{"line":19,"column":15},"end":{"line":19,"column":16}},"loc":{"start":{"line":19,"column":21},"end":{"line":21,"column":4}}},"5":{"name":"(anonymous_5)","decl":{"start":{"line":39,"column":1},"end":{"line":39,"column":12}},"loc":{"start":{"line":39,"column":19},"end":{"line":41,"column":2}}},"6":{"name":"(anonymous_6)","decl":{"start":{"line":42,"column":1},"end":{"line":42,"column":12}},"loc":{"start":{"line":42,"column":45},"end":{"line":52,"column":2}}},"7":{"name":"(anonymous_7)","decl":{"start":{"line":55,"column":1},"end":{"line":55,"column":12}},"loc":{"start":{"line":55,"column":18},"end":{"line":57,"column":2}}},"8":{"name":"(anonymous_8)","decl":{"start":{"line":58,"column":1},"end":{"line":58,"column":12}},"loc":{"start":{"line":58,"column":45},"end":{"line":60,"column":2}}},"9":{"name":"(anonymous_9)","decl":{"start":{"line":63,"column":1},"end":{"line":63,"column":12}},"loc":{"start":{"line":63,"column":25},"end":{"line":65,"column":2}}},"10":{"name":"(anonymous_10)","decl":{"start":{"line":66,"column":1},"end":{"line":66,"column":12}},"loc":{"start":{"line":66,"column":51},"end":{"line":68,"column":2}}},"11":{"name":"(anonymous_11)","decl":{"start":{"line":76,"column":1},"end":{"line":76,"column":13}},"loc":{"start":{"line":76,"column":26},"end":{"line":78,"column":2}}},"12":{"name":"(anonymous_12)","decl":{"start":{"line":79,"column":1},"end":{"line":79,"column":13}},"loc":{"start":{"line":79,"column":41},"end":{"line":81,"column":2}}},"13":{"name":"(anonymous_13)","decl":{"start":{"line":89,"column":1},"end":{"line":89,"column":12}},"loc":{"start":{"line":89,"column":26},"end":{"line":91,"column":2}}},"14":{"name":"(anonymous_14)","decl":{"start":{"line":92,"column":1},"end":{"line":92,"column":13}},"loc":{"start":{"line":92,"column":41},"end":{"line":94,"column":2}}},"15":{"name":"(anonymous_15)","decl":{"start":{"line":96,"column":1},"end":{"line":96,"column":13}},"loc":{"start":{"line":96,"column":145},"end":{"line":123,"column":2}}},"16":{"name":"(anonymous_16)","decl":{"start":{"line":103,"column":21},"end":{"line":103,"column":22}},"loc":{"start":{"line":103,"column":27},"end":{"line":107,"column":3}}},"17":{"name":"(anonymous_17)","decl":{"start":{"line":115,"column":21},"end":{"line":115,"column":22}},"loc":{"start":{"line":115,"column":27},"end":{"line":120,"column":3}}},"18":{"name":"(anonymous_18)","decl":{"start":{"line":125,"column":1},"end":{"line":125,"column":5}},"loc":{"start":{"line":125,"column":5},"end":{"line":130,"column":2}}},"19":{"name":"(anonymous_19)","decl":{"start":{"line":127,"column":36},"end":{"line":127,"column":39}},"loc":{"start":{"line":127,"column":41},"end":{"line":129,"column":3}}},"20":{"name":"(anonymous_20)","decl":{"start":{"line":131,"column":1},"end":{"line":131,"column":6}},"loc":{"start":{"line":131,"column":6},"end":{"line":133,"column":2}}},"21":{"name":"(anonymous_21)","decl":{"start":{"line":134,"column":1},"end":{"line":134,"column":5}},"loc":{"start":{"line":134,"column":5},"end":{"line":155,"column":2}}},"22":{"name":"(anonymous_22)","decl":{"start":{"line":135,"column":38},"end":{"line":135,"column":49}},"loc":{"start":{"line":135,"column":51},"end":{"line":141,"column":3}}},"23":{"name":"(anonymous_23)","decl":{"start":{"line":144,"column":21},"end":{"line":144,"column":22}},"loc":{"start":{"line":144,"column":27},"end":{"line":153,"column":3}}},"24":{"name":"(anonymous_24)","decl":{"start":{"line":156,"column":1},"end":{"line":156,"column":7}},"loc":{"start":{"line":156,"column":7},"end":{"line":166,"column":2}}},"25":{"name":"(anonymous_25)","decl":{"start":{"line":158,"column":21},"end":{"line":158,"column":22}},"loc":{"start":{"line":158,"column":30},"end":{"line":164,"column":3}}}},"branchMap":{"0":{"loc":{"start":{"line":7,"column":22},"end":{"line":7,"column":64}},"type":"cond-expr","locations":[{"start":{"line":7,"column":50},"end":{"line":7,"column":56}},{"start":{"line":7,"column":59},"end":{"line":7,"column":64}}]},"1":{"loc":{"start":{"line":17,"column":2},"end":{"line":35,"column":null}},"type":"if","locations":[{"start":{"line":17,"column":2},"end":{"line":35,"column":null}},{"start":{"line":24,"column":9},"end":{"line":35,"column":null}}]},"2":{"loc":{"start":{"line":18,"column":3},"end":{"line":21,"column":5}},"type":"binary-expr","locations":[{"start":{"line":18,"column":3},"end":{"line":18,"column":23}},{"start":{"line":19,"column":3},"end":{"line":21,"column":5}}]},"3":{"loc":{"start":{"line":43,"column":2},"end":{"line":47,"column":null}},"type":"if","locations":[{"start":{"line":43,"column":2},"end":{"line":47,"column":null}},{"start":{"line":45,"column":9},"end":{"line":47,"column":null}}]},"4":{"loc":{"start":{"line":43,"column":6},"end":{"line":43,"column":24}},"type":"binary-expr","locations":[{"start":{"line":43,"column":6},"end":{"line":43,"column":11}},{"start":{"line":43,"column":15},"end":{"line":43,"column":24}}]},"5":{"loc":{"start":{"line":48,"column":2},"end":{"line":51,"column":null}},"type":"if","locations":[{"start":{"line":48,"column":2},"end":{"line":51,"column":null}}]},"6":{"loc":{"start":{"line":59,"column":17},"end":{"line":59,"column":58}},"type":"cond-expr","locations":[{"start":{"line":59,"column":46},"end":{"line":59,"column":50}},{"start":{"line":59,"column":53},"end":{"line":59,"column":58}}]},"7":{"loc":{"start":{"line":67,"column":24},"end":{"line":67,"column":68}},"type":"cond-expr","locations":[{"start":{"line":67,"column":52},"end":{"line":67,"column":60}},{"start":{"line":67,"column":63},"end":{"line":67,"column":68}}]},"8":{"loc":{"start":{"line":96,"column":13},"end":{"line":96,"column":145}},"type":"default-arg","locations":[{"start":{"line":96,"column":143},"end":{"line":96,"column":145}}]},"9":{"loc":{"start":{"line":142,"column":24},"end":{"line":142,"column":175}},"type":"cond-expr","locations":[{"start":{"line":142,"column":38},"end":{"line":142,"column":67}},{"start":{"line":142,"column":70},"end":{"line":142,"column":175}}]},"10":{"loc":{"start":{"line":142,"column":70},"end":{"line":142,"column":175}},"type":"cond-expr","locations":[{"start":{"line":142,"column":125},"end":{"line":142,"column":148}},{"start":{"line":142,"column":152},"end":{"line":142,"column":175}}]},"11":{"loc":{"start":{"line":146,"column":3},"end":{"line":152,"column":null}},"type":"if","locations":[{"start":{"line":146,"column":3},"end":{"line":152,"column":null}},{"start":{"line":149,"column":10},"end":{"line":152,"column":null}}]}},"s":{"0":33,"1":5,"2":12,"3":5,"4":2,"5":0,"6":5,"7":5,"8":5,"9":0,"10":5,"11":5,"12":0,"13":0,"14":5,"15":5,"16":10,"17":5,"18":10,"19":5,"20":10,"21":5,"22":5,"23":5,"24":5,"25":5,"26":5,"27":5,"28":5,"29":5,"30":5,"31":5,"32":5,"33":5,"34":5,"35":5,"36":5,"37":5,"38":5,"39":5,"40":5,"41":5,"42":5,"43":5,"44":5,"45":5,"46":5,"47":5,"48":5,"49":5,"50":5,"51":5,"52":5,"53":5,"54":5,"55":5,"56":5,"57":0,"58":0,"59":5,"60":5,"61":5,"62":5,"63":5,"64":5,"65":5,"66":5,"67":5,"68":5,"69":0,"70":0,"71":5,"72":0,"73":0,"74":0,"75":0,"76":0,"77":0,"78":0,"79":2},"f":{"0":33,"1":5,"2":12,"3":5,"4":2,"5":5,"6":5,"7":5,"8":5,"9":10,"10":5,"11":10,"12":5,"13":10,"14":5,"15":5,"16":5,"17":5,"18":5,"19":0,"20":0,"21":5,"22":5,"23":5,"24":0,"25":0},"b":{"0":[5,0],"1":[0,5],"2":[5,1],"3":[0,5],"4":[5,0],"5":[0],"6":[4,1],"7":[5,0],"8":[1],"9":[5,0],"10":[0,0],"11":[5,0]}}
,"C:\\Users\\isaac\\brandojs\\src\\index.ts": {"path":"C:\\Users\\isaac\\brandojs\\src\\index.ts","statementMap":{"0":{"start":{"line":1,"column":0},"end":{"line":1,"column":30}},"1":{"start":{"line":4,"column":1},"end":{"line":4,"column":28}},"2":{"start":{"line":3,"column":0},"end":{"line":3,"column":16}}},"fnMap":{"0":{"name":"create","decl":{"start":{"line":3,"column":16},"end":{"line":3,"column":22}},"loc":{"start":{"line":3,"column":155},"end":{"line":5,"column":1}}}},"branchMap":{"0":{"loc":{"start":{"line":3,"column":23},"end":{"line":3,"column":155}},"type":"default-arg","locations":[{"start":{"line":3,"column":153},"end":{"line":3,"column":155}}]}},"s":{"0":1,"1":4,"2":1},"f":{"0":4},"b":{"0":[1]}}
}
