TN:
SF:src\bRando.ts
FN:3,(anonymous_0)
FN:8,(anonymous_1)
FN:13,(anonymous_2)
FN:16,(anonymous_3)
FN:19,(anonymous_4)
FN:39,(anonymous_5)
FN:42,(anonymous_6)
FN:55,(anonymous_7)
FN:58,(anonymous_8)
FN:63,(anonymous_9)
FN:66,(anonymous_10)
FN:82,(anonymous_11)
FN:86,(anonymous_12)
FN:93,(anonymous_13)
FN:106,(anonymous_14)
FN:116,(anonymous_15)
FN:118,(anonymous_16)
FN:122,(anonymous_17)
FN:126,(anonymous_18)
FN:127,(anonymous_19)
FN:140,(anonymous_20)
FN:152,(anonymous_21)
FN:154,(anonymous_22)
FNF:23
FNH:22
FNDA:278,(anonymous_0)
FNDA:194,(anonymous_1)
FNDA:163,(anonymous_2)
FNDA:49,(anonymous_3)
FNDA:4,(anonymous_4)
FNDA:55,(anonymous_5)
FNDA:48,(anonymous_6)
FNDA:55,(anonymous_7)
FNDA:48,(anonymous_8)
FNDA:114,(anonymous_9)
FNDA:48,(anonymous_10)
FNDA:108,(anonymous_11)
FNDA:46,(anonymous_12)
FNDA:50,(anonymous_13)
FNDA:50,(anonymous_14)
FNDA:50,(anonymous_15)
FNDA:0,(anonymous_16)
FNDA:48,(anonymous_17)
FNDA:51,(anonymous_18)
FNDA:51,(anonymous_19)
FNDA:55,(anonymous_20)
FNDA:45,(anonymous_21)
FNDA:49,(anonymous_22)
DA:1,2
DA:2,46
DA:4,278
DA:9,194
DA:12,46
DA:14,163
DA:17,49
DA:20,4
DA:23,1
DA:27,48
DA:38,46
DA:40,55
DA:43,48
DA:44,1
DA:46,47
DA:48,48
DA:49,2
DA:50,2
DA:54,46
DA:56,55
DA:59,48
DA:62,46
DA:64,114
DA:67,48
DA:70,46
DA:71,46
DA:72,46
DA:73,46
DA:75,46
DA:81,46
DA:83,108
DA:87,46
DA:88,46
DA:89,46
DA:90,46
DA:91,46
DA:92,46
DA:93,46
DA:94,50
DA:95,50
DA:96,50
DA:97,50
DA:99,46
DA:100,46
DA:101,46
DA:102,46
DA:103,46
DA:104,46
DA:105,46
DA:106,46
DA:107,50
DA:108,50
DA:109,50
DA:110,50
DA:113,46
DA:117,50
DA:118,50
DA:119,0
DA:123,48
DA:124,48
DA:127,51
DA:129,51
DA:130,51
DA:132,51
DA:134,51
DA:135,51
DA:136,0
DA:137,0
DA:140,51
DA:141,55
DA:142,55
DA:143,51
DA:144,51
DA:146,4
DA:147,4
DA:150,51
DA:153,45
DA:154,45
DA:156,49
DA:157,49
DA:158,49
DA:159,49
DA:160,49
DA:162,45
LF:84
LH:81
BRDA:17,0,0,1
BRDA:17,0,1,48
BRDA:18,1,0,49
BRDA:18,1,1,3
BRDA:43,2,0,1
BRDA:43,2,1,47
BRDA:43,3,0,48
BRDA:43,3,1,1
BRDA:48,4,0,2
BRDA:59,5,0,46
BRDA:59,5,1,2
BRDA:67,6,0,47
BRDA:67,6,1,1
BRDA:86,7,0,41
BRDA:87,8,0,45
BRDA:87,8,1,1
BRDA:134,9,0,51
BRDA:134,9,1,0
BRDA:135,10,0,51
BRDA:135,10,1,0
BRDA:135,11,0,0
BRDA:135,11,1,0
BRDA:136,12,0,0
BRDA:142,13,0,51
BRDA:142,13,1,4
BRF:25
BRH:20
end_of_record
TN:
SF:src\index.ts
FN:3,create
FNF:1
FNH:1
FNDA:4,create
DA:1,1
DA:3,1
DA:4,4
LF:3
LH:3
BRDA:3,0,0,1
BRF:1
BRH:1
end_of_record
