TN:
SF:src\bRando.ts
FN:6,(anonymous_0)
FN:11,(anonymous_1)
FN:16,(anonymous_2)
FN:19,(anonymous_3)
FN:22,(anonymous_4)
FN:42,(anonymous_5)
FN:45,(anonymous_6)
FN:58,(anonymous_7)
FN:61,(anonymous_8)
FN:66,(anonymous_9)
FN:69,(anonymous_10)
FN:89,(anonymous_11)
FN:99,(anonymous_12)
FN:106,(anonymous_13)
FN:119,(anonymous_14)
FN:131,(anonymous_15)
FN:133,(anonymous_16)
FN:140,(anonymous_17)
FN:147,(anonymous_18)
FN:148,(anonymous_19)
FN:165,(anonymous_20)
FN:180,(anonymous_21)
FN:182,(anonymous_22)
FN:196,(anonymous_23)
FNF:24
FNH:24
FNDA:374,(anonymous_0)
FNDA:326,(anonymous_1)
FNDA:364,(anonymous_2)
FNDA:65,(anonymous_3)
FNDA:6,(anonymous_4)
FNDA:168,(anonymous_5)
FNDA:64,(anonymous_6)
FNDA:107,(anonymous_7)
FNDA:65,(anonymous_8)
FNDA:184,(anonymous_9)
FNDA:64,(anonymous_10)
FNDA:392,(anonymous_11)
FNDA:62,(anonymous_12)
FNDA:66,(anonymous_13)
FNDA:66,(anonymous_14)
FNDA:162,(anonymous_15)
FNDA:1,(anonymous_16)
FNDA:227,(anonymous_17)
FNDA:107,(anonymous_18)
FNDA:96,(anonymous_19)
FNDA:107,(anonymous_20)
FNDA:57,(anonymous_21)
FNDA:61,(anonymous_22)
FNDA:3,(anonymous_23)
DA:4,2
DA:5,62
DA:7,374
DA:12,326
DA:15,62
DA:17,364
DA:20,65
DA:23,6
DA:26,4
DA:30,61
DA:41,62
DA:43,168
DA:46,64
DA:47,1
DA:49,63
DA:51,64
DA:52,2
DA:53,2
DA:57,62
DA:59,107
DA:62,65
DA:65,62
DA:67,184
DA:70,64
DA:73,62
DA:74,62
DA:75,62
DA:76,62
DA:78,62
DA:84,62
DA:90,392
DA:100,62
DA:101,62
DA:102,62
DA:103,62
DA:104,62
DA:105,62
DA:106,62
DA:107,66
DA:108,66
DA:109,66
DA:110,66
DA:112,62
DA:113,62
DA:114,62
DA:115,62
DA:116,62
DA:117,62
DA:118,62
DA:119,62
DA:120,66
DA:121,66
DA:122,66
DA:123,66
DA:126,62
DA:132,162
DA:133,162
DA:134,1
DA:141,227
DA:142,227
DA:148,107
DA:150,96
DA:151,129
DA:153,96
DA:156,107
DA:157,95
DA:159,107
DA:160,103
DA:161,4
DA:162,2
DA:165,107
DA:166,107
DA:167,107
DA:168,56
DA:169,56
DA:171,51
DA:172,51
DA:175,107
DA:181,57
DA:182,57
DA:184,61
DA:185,61
DA:186,61
DA:187,61
DA:188,61
DA:190,57
DA:197,3
LF:87
LH:87
BRDA:20,0,0,4
BRDA:20,0,1,61
BRDA:21,1,0,65
BRDA:21,1,1,5
BRDA:46,2,0,1
BRDA:46,2,1,63
BRDA:46,3,0,64
BRDA:46,3,1,1
BRDA:51,4,0,2
BRDA:62,5,0,62
BRDA:62,5,1,3
BRDA:70,6,0,63
BRDA:70,6,1,1
BRDA:99,7,0,55
BRDA:100,8,0,61
BRDA:100,8,1,1
BRDA:156,9,0,95
BRDA:159,10,0,103
BRDA:159,10,1,4
BRDA:160,11,0,96
BRDA:160,11,1,7
BRDA:160,12,0,1
BRDA:160,12,1,6
BRDA:161,13,0,2
BRDA:167,14,0,56
BRDA:167,14,1,51
BRDA:197,15,0,2
BRDA:197,15,1,1
BRF:28
BRH:28
end_of_record
TN:
SF:src\index.ts
FN:29,create
FNF:1
FNH:1
FNDA:4,create
DA:1,1
DA:29,1
DA:30,4
LF:3
LH:3
BRF:0
BRH:0
end_of_record
